ARM GAS  C:\Users\admin\AppData\Local\Temp\cctIZYp1.s 			page 1


   1              		.cpu cortex-m0
   2              		.arch armv6s-m
   3              		.fpu softvfp
   4              		.eabi_attribute 20, 1
   5              		.eabi_attribute 21, 1
   6              		.eabi_attribute 23, 3
   7              		.eabi_attribute 24, 1
   8              		.eabi_attribute 25, 1
   9              		.eabi_attribute 26, 1
  10              		.eabi_attribute 30, 1
  11              		.eabi_attribute 34, 0
  12              		.eabi_attribute 18, 4
  13              		.file	"main.c"
  14              		.text
  15              	.Ltext0:
  16              		.cfi_sections	.debug_frame
  17              		.file 1 "Core/Src/main.c"
  18              		.section	.text.MX_GPIO_Init,"ax",%progbits
  19              		.align	1
  20              		.syntax unified
  21              		.code	16
  22              		.thumb_func
  24              	MX_GPIO_Init:
  25              	.LFB42:
   1:Core/Src/main.c **** /* USER CODE BEGIN Header */
   2:Core/Src/main.c **** /**
   3:Core/Src/main.c ****   ******************************************************************************
   4:Core/Src/main.c ****   * @file           : main.c
   5:Core/Src/main.c ****   * @brief          : Main program body
   6:Core/Src/main.c ****   ******************************************************************************
   7:Core/Src/main.c ****   * @attention
   8:Core/Src/main.c ****   *
   9:Core/Src/main.c ****   * Copyright (c) 2025 STMicroelectronics.
  10:Core/Src/main.c ****   * All rights reserved.
  11:Core/Src/main.c ****   *
  12:Core/Src/main.c ****   * This software is licensed under terms that can be found in the LICENSE file
  13:Core/Src/main.c ****   * in the root directory of this software component.
  14:Core/Src/main.c ****   * If no LICENSE file comes with this software, it is provided AS-IS.
  15:Core/Src/main.c ****   *
  16:Core/Src/main.c ****   ******************************************************************************
  17:Core/Src/main.c ****   */
  18:Core/Src/main.c **** /* USER CODE END Header */
  19:Core/Src/main.c **** /* Includes ------------------------------------------------------------------*/
  20:Core/Src/main.c **** #include "main.h"
  21:Core/Src/main.c **** 
  22:Core/Src/main.c **** /* Private includes ----------------------------------------------------------*/
  23:Core/Src/main.c **** /* USER CODE BEGIN Includes */
  24:Core/Src/main.c **** #include <stdint.h>
  25:Core/Src/main.c **** #include "stm32f0xx.h"
  26:Core/Src/main.c **** #include "stm32f0xx_hal_tim.h"
  27:Core/Src/main.c **** /* USER CODE END Includes */
  28:Core/Src/main.c **** 
  29:Core/Src/main.c **** /* Private typedef -----------------------------------------------------------*/
  30:Core/Src/main.c **** /* USER CODE BEGIN PTD */
  31:Core/Src/main.c **** 
  32:Core/Src/main.c **** /* USER CODE END PTD */
  33:Core/Src/main.c **** 
ARM GAS  C:\Users\admin\AppData\Local\Temp\cctIZYp1.s 			page 2


  34:Core/Src/main.c **** /* Private define ------------------------------------------------------------*/
  35:Core/Src/main.c **** /* USER CODE BEGIN PD */
  36:Core/Src/main.c **** #define MAX_ITER 100
  37:Core/Src/main.c **** /* USER CODE END PD */
  38:Core/Src/main.c **** 
  39:Core/Src/main.c **** /* Private macro -------------------------------------------------------------*/
  40:Core/Src/main.c **** /* USER CODE BEGIN PM */
  41:Core/Src/main.c **** 
  42:Core/Src/main.c **** /* USER CODE END PM */
  43:Core/Src/main.c **** 
  44:Core/Src/main.c **** /* Private variables ---------------------------------------------------------*/
  45:Core/Src/main.c **** 
  46:Core/Src/main.c **** /* USER CODE BEGIN PV */
  47:Core/Src/main.c **** //TODO: Define variables you think you might need
  48:Core/Src/main.c **** // - Performance timing variables (e.g execution time, throughput, pixels per second, clock cycles)
  49:Core/Src/main.c **** uint32_t start_time = 0;
  50:Core/Src/main.c **** uint32_t end_time = 0;
  51:Core/Src/main.c **** uint32_t execution_time = 0;
  52:Core/Src/main.c **** uint64_t checksum = 0;
  53:Core/Src/main.c **** uint32_t cpuCycles = 0;
  54:Core/Src/main.c **** uint64_t totalPixels = 0;
  55:Core/Src/main.c **** double executionSec = 0;
  56:Core/Src/main.c **** double throughput = 0;
  57:Core/Src/main.c **** int width = 265;
  58:Core/Src/main.c **** int height = 265;
  59:Core/Src/main.c **** /* USER CODE END PV */
  60:Core/Src/main.c **** 
  61:Core/Src/main.c **** /* Private function prototypes -----------------------------------------------*/
  62:Core/Src/main.c **** void SystemClock_Config(void);
  63:Core/Src/main.c **** static void MX_GPIO_Init(void);
  64:Core/Src/main.c **** /* USER CODE BEGIN PFP */
  65:Core/Src/main.c **** //TODO: Define any function prototypes you might need such as the calculate Mandelbrot function amo
  66:Core/Src/main.c **** uint64_t calculate_mandelbrot_fixed_point_arithmetic(int width, int height, int max_iterations);
  67:Core/Src/main.c **** uint64_t calculate_mandelbrot_double(int width, int height, int max_iterations);
  68:Core/Src/main.c **** 
  69:Core/Src/main.c **** /* USER CODE END PFP */
  70:Core/Src/main.c **** 
  71:Core/Src/main.c **** /* Private user code ---------------------------------------------------------*/
  72:Core/Src/main.c **** /* USER CODE BEGIN 0 */
  73:Core/Src/main.c **** 
  74:Core/Src/main.c **** /* USER CODE END 0 */
  75:Core/Src/main.c **** 
  76:Core/Src/main.c **** /**
  77:Core/Src/main.c ****   * @brief  The application entry point.
  78:Core/Src/main.c ****   * @retval int
  79:Core/Src/main.c ****   */
  80:Core/Src/main.c **** int main(void)
  81:Core/Src/main.c **** {
  82:Core/Src/main.c **** 
  83:Core/Src/main.c ****   /* USER CODE BEGIN 1 */
  84:Core/Src/main.c **** 
  85:Core/Src/main.c ****   /* USER CODE END 1 */
  86:Core/Src/main.c **** 
  87:Core/Src/main.c ****   /* MCU Configuration--------------------------------------------------------*/
  88:Core/Src/main.c **** 
  89:Core/Src/main.c ****   /* Reset of all peripherals, Initializes the Flash interface and the Systick. */
  90:Core/Src/main.c ****   HAL_Init();
ARM GAS  C:\Users\admin\AppData\Local\Temp\cctIZYp1.s 			page 3


  91:Core/Src/main.c **** 
  92:Core/Src/main.c ****   /* USER CODE BEGIN Init */
  93:Core/Src/main.c **** 
  94:Core/Src/main.c ****   /* USER CODE END Init */
  95:Core/Src/main.c **** 
  96:Core/Src/main.c ****   /* Configure the system clock */
  97:Core/Src/main.c ****   SystemClock_Config();
  98:Core/Src/main.c **** 
  99:Core/Src/main.c ****   /* USER CODE BEGIN SysInit */
 100:Core/Src/main.c **** 
 101:Core/Src/main.c ****   /* USER CODE END SysInit */
 102:Core/Src/main.c **** 
 103:Core/Src/main.c ****   /* Initialize all configured peripherals */
 104:Core/Src/main.c ****   MX_GPIO_Init();
 105:Core/Src/main.c ****   /* USER CODE BEGIN 2 */
 106:Core/Src/main.c ****   /* USER CODE END 2 */
 107:Core/Src/main.c **** 
 108:Core/Src/main.c ****   /* Infinite loop */
 109:Core/Src/main.c ****   /* USER CODE BEGIN WHILE */
 110:Core/Src/main.c ****   while (1)
 111:Core/Src/main.c ****   {
 112:Core/Src/main.c ****     /* USER CODE END WHILE */
 113:Core/Src/main.c **** 
 114:Core/Src/main.c ****     /* USER CODE BEGIN 3 */
 115:Core/Src/main.c **** 
 116:Core/Src/main.c **** 	  //TODO: Turn on LED 0 to signify the start of the operation
 117:Core/Src/main.c **** 	    HAL_GPIO_WritePin(GPIOB, GPIO_PIN_0, GPIO_PIN_SET);
 118:Core/Src/main.c **** 
 119:Core/Src/main.c **** 
 120:Core/Src/main.c **** 	    //TODO: Record the start time
 121:Core/Src/main.c **** 	    start_time = HAL_GetTick();
 122:Core/Src/main.c **** 
 123:Core/Src/main.c **** 
 124:Core/Src/main.c **** 	    //TODO: Call the Mandelbrot Function and store the output in the checksum variable defined ini
 125:Core/Src/main.c **** 	    checksum = calculate_mandelbrot_fixed_point_arithmetic(width, height, MAX_ITER);
 126:Core/Src/main.c **** 
 127:Core/Src/main.c **** 	    //TODO: Record the end time
 128:Core/Src/main.c **** 
 129:Core/Src/main.c **** 	    end_time = HAL_GetTick();
 130:Core/Src/main.c **** 	    //TODO: Calculate the execution time
 131:Core/Src/main.c **** 	    execution_time = end_time - start_time;
 132:Core/Src/main.c **** 
 133:Core/Src/main.c **** 	    //TODO: Turn on LED 1 to signify the end of the operation
 134:Core/Src/main.c **** 	    HAL_GPIO_WritePin(GPIOB, GPIO_PIN_1, GPIO_PIN_SET);
 135:Core/Src/main.c **** 
 136:Core/Src/main.c **** 	    totalPixels = (uint64_t)width * height;
 137:Core/Src/main.c **** 	    executionSec = (double)execution_time / 1000.0;
 138:Core/Src/main.c **** 	    throughput = (double)totalPixels/executionSec;
 139:Core/Src/main.c **** 	    //TODO: Hold the LEDs on for a 1s delay
 140:Core/Src/main.c **** 	    HAL_Delay(2000);
 141:Core/Src/main.c **** 
 142:Core/Src/main.c **** 	    //TODO: Turn off the LEDs
 143:Core/Src/main.c **** 	    HAL_GPIO_WritePin(GPIOB, GPIO_PIN_0, GPIO_PIN_RESET);
 144:Core/Src/main.c **** 	    HAL_GPIO_WritePin(GPIOB, GPIO_PIN_1, GPIO_PIN_RESET);
 145:Core/Src/main.c **** 
 146:Core/Src/main.c **** 
 147:Core/Src/main.c ****   }
ARM GAS  C:\Users\admin\AppData\Local\Temp\cctIZYp1.s 			page 4


 148:Core/Src/main.c ****   /* USER CODE END 3 */
 149:Core/Src/main.c **** }
 150:Core/Src/main.c **** 
 151:Core/Src/main.c **** /**
 152:Core/Src/main.c ****   * @brief System Clock Configuration
 153:Core/Src/main.c ****   * @retval None
 154:Core/Src/main.c ****   */
 155:Core/Src/main.c **** void SystemClock_Config(void)
 156:Core/Src/main.c **** {
 157:Core/Src/main.c ****   RCC_OscInitTypeDef RCC_OscInitStruct = {0};
 158:Core/Src/main.c ****   RCC_ClkInitTypeDef RCC_ClkInitStruct = {0};
 159:Core/Src/main.c **** 
 160:Core/Src/main.c ****   /** Initializes the RCC Oscillators according to the specified parameters
 161:Core/Src/main.c ****   * in the RCC_OscInitTypeDef structure.
 162:Core/Src/main.c ****   */
 163:Core/Src/main.c ****   RCC_OscInitStruct.OscillatorType = RCC_OSCILLATORTYPE_HSI;
 164:Core/Src/main.c ****   RCC_OscInitStruct.HSIState = RCC_HSI_ON;
 165:Core/Src/main.c ****   RCC_OscInitStruct.HSICalibrationValue = RCC_HSICALIBRATION_DEFAULT;
 166:Core/Src/main.c ****   RCC_OscInitStruct.PLL.PLLState = RCC_PLL_ON;
 167:Core/Src/main.c ****   RCC_OscInitStruct.PLL.PLLSource = RCC_PLLSOURCE_HSI;
 168:Core/Src/main.c ****   RCC_OscInitStruct.PLL.PLLMUL = RCC_PLL_MUL12;
 169:Core/Src/main.c ****   RCC_OscInitStruct.PLL.PREDIV = RCC_PREDIV_DIV1;
 170:Core/Src/main.c ****   if (HAL_RCC_OscConfig(&RCC_OscInitStruct) != HAL_OK)
 171:Core/Src/main.c ****   {
 172:Core/Src/main.c ****     Error_Handler();
 173:Core/Src/main.c ****   }
 174:Core/Src/main.c **** 
 175:Core/Src/main.c ****   /** Initializes the CPU, AHB and APB buses clocks
 176:Core/Src/main.c ****   */
 177:Core/Src/main.c ****   RCC_ClkInitStruct.ClockType = RCC_CLOCKTYPE_HCLK|RCC_CLOCKTYPE_SYSCLK
 178:Core/Src/main.c ****                               |RCC_CLOCKTYPE_PCLK1;
 179:Core/Src/main.c ****   RCC_ClkInitStruct.SYSCLKSource = RCC_SYSCLKSOURCE_PLLCLK;
 180:Core/Src/main.c ****   RCC_ClkInitStruct.AHBCLKDivider = RCC_SYSCLK_DIV1;
 181:Core/Src/main.c ****   RCC_ClkInitStruct.APB1CLKDivider = RCC_HCLK_DIV1;
 182:Core/Src/main.c **** 
 183:Core/Src/main.c ****   if (HAL_RCC_ClockConfig(&RCC_ClkInitStruct, FLASH_LATENCY_1) != HAL_OK)
 184:Core/Src/main.c ****   {
 185:Core/Src/main.c ****     Error_Handler();
 186:Core/Src/main.c ****   }
 187:Core/Src/main.c **** }
 188:Core/Src/main.c **** 
 189:Core/Src/main.c **** /**
 190:Core/Src/main.c ****   * @brief GPIO Initialization Function
 191:Core/Src/main.c ****   * @param None
 192:Core/Src/main.c ****   * @retval None
 193:Core/Src/main.c ****   */
 194:Core/Src/main.c **** static void MX_GPIO_Init(void)
 195:Core/Src/main.c **** {
  26              		.loc 1 195 1 view -0
  27              		.cfi_startproc
  28              		@ args = 0, pretend = 0, frame = 32
  29              		@ frame_needed = 0, uses_anonymous_args = 0
  30 0000 10B5     		push	{r4, lr}
  31              	.LCFI0:
  32              		.cfi_def_cfa_offset 8
  33              		.cfi_offset 4, -8
  34              		.cfi_offset 14, -4
ARM GAS  C:\Users\admin\AppData\Local\Temp\cctIZYp1.s 			page 5


  35 0002 88B0     		sub	sp, sp, #32
  36              	.LCFI1:
  37              		.cfi_def_cfa_offset 40
 196:Core/Src/main.c ****   GPIO_InitTypeDef GPIO_InitStruct = {0};
  38              		.loc 1 196 3 view .LVU1
  39              		.loc 1 196 20 is_stmt 0 view .LVU2
  40 0004 1422     		movs	r2, #20
  41 0006 0021     		movs	r1, #0
  42 0008 03A8     		add	r0, sp, #12
  43 000a FFF7FEFF 		bl	memset
  44              	.LVL0:
 197:Core/Src/main.c ****   /* USER CODE BEGIN MX_GPIO_Init_1 */
 198:Core/Src/main.c **** 
 199:Core/Src/main.c ****   /* USER CODE END MX_GPIO_Init_1 */
 200:Core/Src/main.c **** 
 201:Core/Src/main.c ****   /* GPIO Ports Clock Enable */
 202:Core/Src/main.c ****   __HAL_RCC_GPIOF_CLK_ENABLE();
  45              		.loc 1 202 3 is_stmt 1 view .LVU3
  46              	.LBB4:
  47              		.loc 1 202 3 view .LVU4
  48              		.loc 1 202 3 view .LVU5
  49 000e 174B     		ldr	r3, .L2
  50 0010 5A69     		ldr	r2, [r3, #20]
  51 0012 8021     		movs	r1, #128
  52 0014 C903     		lsls	r1, r1, #15
  53 0016 0A43     		orrs	r2, r1
  54 0018 5A61     		str	r2, [r3, #20]
  55              		.loc 1 202 3 view .LVU6
  56 001a 5A69     		ldr	r2, [r3, #20]
  57 001c 0A40     		ands	r2, r1
  58 001e 0092     		str	r2, [sp]
  59              		.loc 1 202 3 view .LVU7
  60 0020 009A     		ldr	r2, [sp]
  61              	.LBE4:
  62              		.loc 1 202 3 view .LVU8
 203:Core/Src/main.c ****   __HAL_RCC_GPIOB_CLK_ENABLE();
  63              		.loc 1 203 3 view .LVU9
  64              	.LBB5:
  65              		.loc 1 203 3 view .LVU10
  66              		.loc 1 203 3 view .LVU11
  67 0022 5A69     		ldr	r2, [r3, #20]
  68 0024 8021     		movs	r1, #128
  69 0026 C902     		lsls	r1, r1, #11
  70 0028 0A43     		orrs	r2, r1
  71 002a 5A61     		str	r2, [r3, #20]
  72              		.loc 1 203 3 view .LVU12
  73 002c 5A69     		ldr	r2, [r3, #20]
  74 002e 0A40     		ands	r2, r1
  75 0030 0192     		str	r2, [sp, #4]
  76              		.loc 1 203 3 view .LVU13
  77 0032 019A     		ldr	r2, [sp, #4]
  78              	.LBE5:
  79              		.loc 1 203 3 view .LVU14
 204:Core/Src/main.c ****   __HAL_RCC_GPIOA_CLK_ENABLE();
  80              		.loc 1 204 3 view .LVU15
  81              	.LBB6:
  82              		.loc 1 204 3 view .LVU16
ARM GAS  C:\Users\admin\AppData\Local\Temp\cctIZYp1.s 			page 6


  83              		.loc 1 204 3 view .LVU17
  84 0034 5A69     		ldr	r2, [r3, #20]
  85 0036 8021     		movs	r1, #128
  86 0038 8902     		lsls	r1, r1, #10
  87 003a 0A43     		orrs	r2, r1
  88 003c 5A61     		str	r2, [r3, #20]
  89              		.loc 1 204 3 view .LVU18
  90 003e 5B69     		ldr	r3, [r3, #20]
  91 0040 0B40     		ands	r3, r1
  92 0042 0293     		str	r3, [sp, #8]
  93              		.loc 1 204 3 view .LVU19
  94 0044 029B     		ldr	r3, [sp, #8]
  95              	.LBE6:
  96              		.loc 1 204 3 view .LVU20
 205:Core/Src/main.c **** 
 206:Core/Src/main.c ****   /*Configure GPIO pin Output Level */
 207:Core/Src/main.c ****   HAL_GPIO_WritePin(GPIOB, GPIO_PIN_0|GPIO_PIN_1|GPIO_PIN_2|GPIO_PIN_3
  97              		.loc 1 207 3 view .LVU21
  98 0046 0A4C     		ldr	r4, .L2+4
  99 0048 0022     		movs	r2, #0
 100 004a FF21     		movs	r1, #255
 101 004c 2000     		movs	r0, r4
 102 004e FFF7FEFF 		bl	HAL_GPIO_WritePin
 103              	.LVL1:
 208:Core/Src/main.c ****                           |GPIO_PIN_4|GPIO_PIN_5|GPIO_PIN_6|GPIO_PIN_7, GPIO_PIN_RESET);
 209:Core/Src/main.c **** 
 210:Core/Src/main.c ****   /*Configure GPIO pins : PB0 PB1 PB2 PB3
 211:Core/Src/main.c ****                            PB4 PB5 PB6 PB7 */
 212:Core/Src/main.c ****   GPIO_InitStruct.Pin = GPIO_PIN_0|GPIO_PIN_1|GPIO_PIN_2|GPIO_PIN_3
 104              		.loc 1 212 3 view .LVU22
 105              		.loc 1 212 23 is_stmt 0 view .LVU23
 106 0052 FF23     		movs	r3, #255
 107 0054 0393     		str	r3, [sp, #12]
 213:Core/Src/main.c ****                           |GPIO_PIN_4|GPIO_PIN_5|GPIO_PIN_6|GPIO_PIN_7;
 214:Core/Src/main.c ****   GPIO_InitStruct.Mode = GPIO_MODE_OUTPUT_PP;
 108              		.loc 1 214 3 is_stmt 1 view .LVU24
 109              		.loc 1 214 24 is_stmt 0 view .LVU25
 110 0056 FE3B     		subs	r3, r3, #254
 111 0058 0493     		str	r3, [sp, #16]
 215:Core/Src/main.c ****   GPIO_InitStruct.Pull = GPIO_NOPULL;
 112              		.loc 1 215 3 is_stmt 1 view .LVU26
 113              		.loc 1 215 24 is_stmt 0 view .LVU27
 114 005a 0023     		movs	r3, #0
 115 005c 0593     		str	r3, [sp, #20]
 216:Core/Src/main.c ****   GPIO_InitStruct.Speed = GPIO_SPEED_FREQ_LOW;
 116              		.loc 1 216 3 is_stmt 1 view .LVU28
 117              		.loc 1 216 25 is_stmt 0 view .LVU29
 118 005e 0693     		str	r3, [sp, #24]
 217:Core/Src/main.c ****   HAL_GPIO_Init(GPIOB, &GPIO_InitStruct);
 119              		.loc 1 217 3 is_stmt 1 view .LVU30
 120 0060 03A9     		add	r1, sp, #12
 121 0062 2000     		movs	r0, r4
 122 0064 FFF7FEFF 		bl	HAL_GPIO_Init
 123              	.LVL2:
 218:Core/Src/main.c **** 
 219:Core/Src/main.c ****   /* USER CODE BEGIN MX_GPIO_Init_2 */
 220:Core/Src/main.c **** 
ARM GAS  C:\Users\admin\AppData\Local\Temp\cctIZYp1.s 			page 7


 221:Core/Src/main.c ****   /* USER CODE END MX_GPIO_Init_2 */
 222:Core/Src/main.c **** }
 124              		.loc 1 222 1 is_stmt 0 view .LVU31
 125 0068 08B0     		add	sp, sp, #32
 126              		@ sp needed
 127 006a 10BD     		pop	{r4, pc}
 128              	.L3:
 129              		.align	2
 130              	.L2:
 131 006c 00100240 		.word	1073876992
 132 0070 00040048 		.word	1207960576
 133              		.cfi_endproc
 134              	.LFE42:
 136              		.global	__aeabi_idiv
 137              		.global	__aeabi_i2d
 138              		.global	__aeabi_dmul
 139              		.global	__aeabi_ddiv
 140              		.global	__aeabi_dsub
 141              		.global	__aeabi_d2iz
 142              		.section	.text.calculate_mandelbrot_fixed_point_arithmetic,"ax",%progbits
 143              		.align	1
 144              		.global	calculate_mandelbrot_fixed_point_arithmetic
 145              		.syntax unified
 146              		.code	16
 147              		.thumb_func
 149              	calculate_mandelbrot_fixed_point_arithmetic:
 150              	.LVL3:
 151              	.LFB43:
 223:Core/Src/main.c **** 
 224:Core/Src/main.c **** /* USER CODE BEGIN 4 */
 225:Core/Src/main.c **** //TODO: Function signatures you defined previously , implement them here
 226:Core/Src/main.c **** 
 227:Core/Src/main.c **** /* USER CODE END 4 */
 228:Core/Src/main.c **** 
 229:Core/Src/main.c **** /**
 230:Core/Src/main.c ****   * @brief  This function is executed in case of error occurrence.
 231:Core/Src/main.c ****   * @retval None
 232:Core/Src/main.c ****   */
 233:Core/Src/main.c **** 
 234:Core/Src/main.c **** uint64_t calculate_mandelbrot_fixed_point_arithmetic(int width, int height, int max_iterations){
 152              		.loc 1 234 96 is_stmt 1 view -0
 153              		.cfi_startproc
 154              		@ args = 0, pretend = 0, frame = 24
 155              		@ frame_needed = 0, uses_anonymous_args = 0
 156              		.loc 1 234 96 is_stmt 0 view .LVU33
 157 0000 F0B5     		push	{r4, r5, r6, r7, lr}
 158              	.LCFI2:
 159              		.cfi_def_cfa_offset 20
 160              		.cfi_offset 4, -20
 161              		.cfi_offset 5, -16
 162              		.cfi_offset 6, -12
 163              		.cfi_offset 7, -8
 164              		.cfi_offset 14, -4
 165 0002 DE46     		mov	lr, fp
 166 0004 5746     		mov	r7, r10
 167 0006 4E46     		mov	r6, r9
 168 0008 4546     		mov	r5, r8
ARM GAS  C:\Users\admin\AppData\Local\Temp\cctIZYp1.s 			page 8


 169 000a E0B5     		push	{r5, r6, r7, lr}
 170              	.LCFI3:
 171              		.cfi_def_cfa_offset 36
 172              		.cfi_offset 8, -36
 173              		.cfi_offset 9, -32
 174              		.cfi_offset 10, -28
 175              		.cfi_offset 11, -24
 176 000c 87B0     		sub	sp, sp, #28
 177              	.LCFI4:
 178              		.cfi_def_cfa_offset 64
 179 000e 8146     		mov	r9, r0
 180 0010 8B46     		mov	fp, r1
 181 0012 1400     		movs	r4, r2
 235:Core/Src/main.c ****   uint64_t mandelbrot_sum = 0;
 182              		.loc 1 235 3 is_stmt 1 view .LVU34
 183              	.LVL4:
 236:Core/Src/main.c ****     //TODO: Complete the function implementation
 237:Core/Src/main.c ****     int x0, xi;
 184              		.loc 1 237 5 view .LVU35
 238:Core/Src/main.c ****     int y0, yi;
 185              		.loc 1 238 5 view .LVU36
 239:Core/Src/main.c ****     int temp;
 186              		.loc 1 239 5 view .LVU37
 240:Core/Src/main.c ****     int iterations;
 187              		.loc 1 240 5 view .LVU38
 241:Core/Src/main.c **** 
 242:Core/Src/main.c **** 	#define FixedShift 12
 243:Core/Src/main.c **** 	#define fixed_1 (1 << FixedShift)
 244:Core/Src/main.c **** 
 245:Core/Src/main.c ****     for (int y = 0; y < height; y++) {
 188              		.loc 1 245 5 view .LVU39
 189              	.LBB7:
 190              		.loc 1 245 10 view .LVU40
 191              		.loc 1 245 14 is_stmt 0 view .LVU41
 192 0014 0026     		movs	r6, #0
 193              	.LBE7:
 235:Core/Src/main.c ****     //TODO: Complete the function implementation
 194              		.loc 1 235 12 view .LVU42
 195 0016 0022     		movs	r2, #0
 196              	.LVL5:
 235:Core/Src/main.c ****     //TODO: Complete the function implementation
 197              		.loc 1 235 12 view .LVU43
 198 0018 0023     		movs	r3, #0
 199 001a 0292     		str	r2, [sp, #8]
 200 001c 0393     		str	r3, [sp, #12]
 201              	.LBB10:
 202              		.loc 1 245 5 view .LVU44
 203 001e 45E0     		b	.L5
 204              	.LVL6:
 205              	.L9:
 206              	.LBB8:
 246:Core/Src/main.c ****     	y0 = ((y * (2 * fixed_1)) / height) - (fixed_1 * 1);
 247:Core/Src/main.c ****     	for (int x = 0; x < width; x++){
 248:Core/Src/main.c ****     		x0 = ((x * (3.5 * fixed_1)) / width) - (fixed_1 * 2.5);
 249:Core/Src/main.c **** 
 250:Core/Src/main.c **** 
 251:Core/Src/main.c ****     		xi = 0;
ARM GAS  C:\Users\admin\AppData\Local\Temp\cctIZYp1.s 			page 9


 252:Core/Src/main.c ****     		yi = 0;
 253:Core/Src/main.c **** 
 254:Core/Src/main.c ****     		iterations = 0;
 255:Core/Src/main.c **** 
 256:Core/Src/main.c ****     		while ((iterations < max_iterations) && (((xi * xi) >> FixedShift) + ((yi * yi) >> FixedShift
 257:Core/Src/main.c ****     			temp = ((xi * xi) >> FixedShift) - ((yi * yi) >> FixedShift) + x0;
 207              		.loc 1 257 8 is_stmt 1 view .LVU45
 208              		.loc 1 257 41 is_stmt 0 view .LVU46
 209 0020 AA1A     		subs	r2, r5, r2
 210              	.LVL7:
 258:Core/Src/main.c ****     			yi = (((2 * xi * yi) >> FixedShift) + y0);
 211              		.loc 1 258 8 is_stmt 1 view .LVU47
 212              		.loc 1 258 23 is_stmt 0 view .LVU48
 213 0022 7343     		muls	r3, r6
 214              	.LVL8:
 215              		.loc 1 258 23 view .LVU49
 216 0024 5B00     		lsls	r3, r3, #1
 217              		.loc 1 258 29 view .LVU50
 218 0026 1B13     		asrs	r3, r3, #12
 219              		.loc 1 258 11 view .LVU51
 220 0028 6344     		add	r3, r3, ip
 221 002a 1E00     		movs	r6, r3
 222              	.LVL9:
 259:Core/Src/main.c ****     			xi = temp;
 223              		.loc 1 259 8 is_stmt 1 view .LVU52
 260:Core/Src/main.c ****     			iterations++;
 224              		.loc 1 260 8 view .LVU53
 225              		.loc 1 260 18 is_stmt 0 view .LVU54
 226 002c 0137     		adds	r7, r7, #1
 227              	.LVL10:
 259:Core/Src/main.c ****     			xi = temp;
 228              		.loc 1 259 11 view .LVU55
 229 002e 1318     		adds	r3, r2, r0
 230              	.LVL11:
 231              	.L7:
 256:Core/Src/main.c ****     			temp = ((xi * xi) >> FixedShift) - ((yi * yi) >> FixedShift) + x0;
 232              		.loc 1 256 44 is_stmt 1 view .LVU56
 233 0030 A742     		cmp	r7, r4
 234 0032 0BDA     		bge	.L8
 256:Core/Src/main.c ****     			temp = ((xi * xi) >> FixedShift) - ((yi * yi) >> FixedShift) + x0;
 235              		.loc 1 256 53 is_stmt 0 discriminator 1 view .LVU57
 236 0034 1D00     		movs	r5, r3
 237 0036 5D43     		muls	r5, r3
 256:Core/Src/main.c ****     			temp = ((xi * xi) >> FixedShift) - ((yi * yi) >> FixedShift) + x0;
 238              		.loc 1 256 59 discriminator 1 view .LVU58
 239 0038 2D13     		asrs	r5, r5, #12
 256:Core/Src/main.c ****     			temp = ((xi * xi) >> FixedShift) - ((yi * yi) >> FixedShift) + x0;
 240              		.loc 1 256 81 discriminator 1 view .LVU59
 241 003a 3200     		movs	r2, r6
 242 003c 7243     		muls	r2, r6
 256:Core/Src/main.c ****     			temp = ((xi * xi) >> FixedShift) - ((yi * yi) >> FixedShift) + x0;
 243              		.loc 1 256 87 discriminator 1 view .LVU60
 244 003e 1213     		asrs	r2, r2, #12
 256:Core/Src/main.c ****     			temp = ((xi * xi) >> FixedShift) - ((yi * yi) >> FixedShift) + x0;
 245              		.loc 1 256 74 discriminator 1 view .LVU61
 246 0040 A918     		adds	r1, r5, r2
 247 0042 8A46     		mov	r10, r1
ARM GAS  C:\Users\admin\AppData\Local\Temp\cctIZYp1.s 			page 10


 256:Core/Src/main.c ****     			temp = ((xi * xi) >> FixedShift) - ((yi * yi) >> FixedShift) + x0;
 248              		.loc 1 256 44 discriminator 1 view .LVU62
 249 0044 8021     		movs	r1, #128
 250 0046 C901     		lsls	r1, r1, #7
 251 0048 8A45     		cmp	r10, r1
 252 004a E9DB     		blt	.L9
 253              	.L8:
 261:Core/Src/main.c ****     		}
 262:Core/Src/main.c **** 
 263:Core/Src/main.c ****     		mandelbrot_sum += iterations;
 254              		.loc 1 263 7 is_stmt 1 view .LVU63
 255              		.loc 1 263 22 is_stmt 0 view .LVU64
 256 004c 0097     		str	r7, [sp]
 257 004e FB17     		asrs	r3, r7, #31
 258              	.LVL12:
 259              		.loc 1 263 22 view .LVU65
 260 0050 0193     		str	r3, [sp, #4]
 261 0052 029A     		ldr	r2, [sp, #8]
 262 0054 039B     		ldr	r3, [sp, #12]
 263 0056 0098     		ldr	r0, [sp]
 264 0058 0199     		ldr	r1, [sp, #4]
 265              	.LVL13:
 266              		.loc 1 263 22 view .LVU66
 267 005a 1218     		adds	r2, r2, r0
 268 005c 4B41     		adcs	r3, r3, r1
 269 005e 0292     		str	r2, [sp, #8]
 270 0060 0393     		str	r3, [sp, #12]
 271              	.LVL14:
 247:Core/Src/main.c ****     		x0 = ((x * (3.5 * fixed_1)) / width) - (fixed_1 * 2.5);
 272              		.loc 1 247 34 is_stmt 1 discriminator 2 view .LVU67
 273 0062 0123     		movs	r3, #1
 274 0064 9C46     		mov	ip, r3
 275 0066 E044     		add	r8, r8, ip
 276              	.LVL15:
 277              	.L6:
 247:Core/Src/main.c ****     		x0 = ((x * (3.5 * fixed_1)) / width) - (fixed_1 * 2.5);
 278              		.loc 1 247 24 discriminator 1 view .LVU68
 279 0068 C845     		cmp	r8, r9
 280 006a 1DDA     		bge	.L12
 248:Core/Src/main.c **** 
 281              		.loc 1 248 7 view .LVU69
 248:Core/Src/main.c **** 
 282              		.loc 1 248 16 is_stmt 0 view .LVU70
 283 006c 4046     		mov	r0, r8
 284 006e FFF7FEFF 		bl	__aeabi_i2d
 285              	.LVL16:
 286 0072 0022     		movs	r2, #0
 287 0074 194B     		ldr	r3, .L14
 288 0076 FFF7FEFF 		bl	__aeabi_dmul
 289              	.LVL17:
 290 007a 0600     		movs	r6, r0
 291 007c 0F00     		movs	r7, r1
 248:Core/Src/main.c **** 
 292              		.loc 1 248 35 view .LVU71
 293 007e 4846     		mov	r0, r9
 294 0080 FFF7FEFF 		bl	__aeabi_i2d
 295              	.LVL18:
ARM GAS  C:\Users\admin\AppData\Local\Temp\cctIZYp1.s 			page 11


 296 0084 0200     		movs	r2, r0
 297 0086 0B00     		movs	r3, r1
 298 0088 3000     		movs	r0, r6
 299 008a 3900     		movs	r1, r7
 300 008c FFF7FEFF 		bl	__aeabi_ddiv
 301              	.LVL19:
 248:Core/Src/main.c **** 
 302              		.loc 1 248 44 view .LVU72
 303 0090 0022     		movs	r2, #0
 304 0092 134B     		ldr	r3, .L14+4
 305 0094 FFF7FEFF 		bl	__aeabi_dsub
 306              	.LVL20:
 248:Core/Src/main.c **** 
 307              		.loc 1 248 10 view .LVU73
 308 0098 FFF7FEFF 		bl	__aeabi_d2iz
 309              	.LVL21:
 251:Core/Src/main.c ****     		yi = 0;
 310              		.loc 1 251 7 is_stmt 1 view .LVU74
 252:Core/Src/main.c **** 
 311              		.loc 1 252 7 view .LVU75
 254:Core/Src/main.c **** 
 312              		.loc 1 254 7 view .LVU76
 256:Core/Src/main.c ****     			temp = ((xi * xi) >> FixedShift) - ((yi * yi) >> FixedShift) + x0;
 313              		.loc 1 256 7 view .LVU77
 254:Core/Src/main.c **** 
 314              		.loc 1 254 18 is_stmt 0 view .LVU78
 315 009c 0027     		movs	r7, #0
 252:Core/Src/main.c **** 
 316              		.loc 1 252 10 view .LVU79
 317 009e 0026     		movs	r6, #0
 251:Core/Src/main.c ****     		yi = 0;
 318              		.loc 1 251 10 view .LVU80
 319 00a0 0023     		movs	r3, #0
 320 00a2 049A     		ldr	r2, [sp, #16]
 321 00a4 9446     		mov	ip, r2
 256:Core/Src/main.c ****     			temp = ((xi * xi) >> FixedShift) - ((yi * yi) >> FixedShift) + x0;
 322              		.loc 1 256 13 view .LVU81
 323 00a6 C3E7     		b	.L7
 324              	.LVL22:
 325              	.L12:
 256:Core/Src/main.c ****     			temp = ((xi * xi) >> FixedShift) - ((yi * yi) >> FixedShift) + x0;
 326              		.loc 1 256 13 view .LVU82
 327              	.LBE8:
 245:Core/Src/main.c ****     	y0 = ((y * (2 * fixed_1)) / height) - (fixed_1 * 1);
 328              		.loc 1 245 34 discriminator 2 view .LVU83
 329 00a8 059E     		ldr	r6, [sp, #20]
 245:Core/Src/main.c ****     	y0 = ((y * (2 * fixed_1)) / height) - (fixed_1 * 1);
 330              		.loc 1 245 34 is_stmt 1 discriminator 2 view .LVU84
 331 00aa 0136     		adds	r6, r6, #1
 332              	.LVL23:
 333              	.L5:
 245:Core/Src/main.c ****     	y0 = ((y * (2 * fixed_1)) / height) - (fixed_1 * 1);
 334              		.loc 1 245 23 discriminator 1 view .LVU85
 335 00ac 5E45     		cmp	r6, fp
 336 00ae 0CDA     		bge	.L13
 246:Core/Src/main.c ****     	for (int x = 0; x < width; x++){
 337              		.loc 1 246 6 view .LVU86
ARM GAS  C:\Users\admin\AppData\Local\Temp\cctIZYp1.s 			page 12


 246:Core/Src/main.c ****     	for (int x = 0; x < width; x++){
 338              		.loc 1 246 15 is_stmt 0 view .LVU87
 339 00b0 7003     		lsls	r0, r6, #13
 246:Core/Src/main.c ****     	for (int x = 0; x < width; x++){
 340              		.loc 1 246 32 view .LVU88
 341 00b2 5946     		mov	r1, fp
 342 00b4 FFF7FEFF 		bl	__aeabi_idiv
 343              	.LVL24:
 246:Core/Src/main.c ****     	for (int x = 0; x < width; x++){
 344              		.loc 1 246 9 view .LVU89
 345 00b8 0300     		movs	r3, r0
 346 00ba 0A4A     		ldr	r2, .L14+8
 347 00bc 9446     		mov	ip, r2
 348 00be 6344     		add	r3, r3, ip
 349 00c0 0493     		str	r3, [sp, #16]
 350              	.LVL25:
 247:Core/Src/main.c ****     		x0 = ((x * (3.5 * fixed_1)) / width) - (fixed_1 * 2.5);
 351              		.loc 1 247 6 is_stmt 1 view .LVU90
 352              	.LBB9:
 247:Core/Src/main.c ****     		x0 = ((x * (3.5 * fixed_1)) / width) - (fixed_1 * 2.5);
 353              		.loc 1 247 11 view .LVU91
 247:Core/Src/main.c ****     		x0 = ((x * (3.5 * fixed_1)) / width) - (fixed_1 * 2.5);
 354              		.loc 1 247 15 is_stmt 0 view .LVU92
 355 00c2 0023     		movs	r3, #0
 356              	.LVL26:
 247:Core/Src/main.c ****     		x0 = ((x * (3.5 * fixed_1)) / width) - (fixed_1 * 2.5);
 357              		.loc 1 247 15 view .LVU93
 358 00c4 9846     		mov	r8, r3
 359 00c6 0596     		str	r6, [sp, #20]
 247:Core/Src/main.c ****     		x0 = ((x * (3.5 * fixed_1)) / width) - (fixed_1 * 2.5);
 360              		.loc 1 247 6 view .LVU94
 361 00c8 CEE7     		b	.L6
 362              	.LVL27:
 363              	.L13:
 247:Core/Src/main.c ****     		x0 = ((x * (3.5 * fixed_1)) / width) - (fixed_1 * 2.5);
 364              		.loc 1 247 6 view .LVU95
 365              	.LBE9:
 366              	.LBE10:
 264:Core/Src/main.c ****     	}
 265:Core/Src/main.c ****     }
 266:Core/Src/main.c **** 
 267:Core/Src/main.c ****     return mandelbrot_sum;
 367              		.loc 1 267 5 is_stmt 1 view .LVU96
 268:Core/Src/main.c **** 
 269:Core/Src/main.c **** }
 368              		.loc 1 269 1 is_stmt 0 view .LVU97
 369 00ca 0298     		ldr	r0, [sp, #8]
 370 00cc 0399     		ldr	r1, [sp, #12]
 371 00ce 07B0     		add	sp, sp, #28
 372              		@ sp needed
 373              	.LVL28:
 374              	.LVL29:
 375              	.LVL30:
 376              	.LVL31:
 377              		.loc 1 269 1 view .LVU98
 378 00d0 F0BC     		pop	{r4, r5, r6, r7}
 379 00d2 BB46     		mov	fp, r7
ARM GAS  C:\Users\admin\AppData\Local\Temp\cctIZYp1.s 			page 13


 380 00d4 B246     		mov	r10, r6
 381 00d6 A946     		mov	r9, r5
 382 00d8 A046     		mov	r8, r4
 383 00da F0BD     		pop	{r4, r5, r6, r7, pc}
 384              	.L15:
 385              		.align	2
 386              	.L14:
 387 00dc 0000CC40 		.word	1087111168
 388 00e0 0000C440 		.word	1086586880
 389 00e4 00F0FFFF 		.word	-4096
 390              		.cfi_endproc
 391              	.LFE43:
 393              		.global	__aeabi_dadd
 394              		.global	__aeabi_dcmplt
 395              		.section	.text.calculate_mandelbrot_double,"ax",%progbits
 396              		.align	1
 397              		.global	calculate_mandelbrot_double
 398              		.syntax unified
 399              		.code	16
 400              		.thumb_func
 402              	calculate_mandelbrot_double:
 403              	.LVL32:
 404              	.LFB44:
 270:Core/Src/main.c **** 
 271:Core/Src/main.c **** //TODO: Mandelbroat using variable type double
 272:Core/Src/main.c **** uint64_t calculate_mandelbrot_double(int width, int height, int max_iterations){
 405              		.loc 1 272 80 is_stmt 1 view -0
 406              		.cfi_startproc
 407              		@ args = 0, pretend = 0, frame = 64
 408              		@ frame_needed = 0, uses_anonymous_args = 0
 409              		.loc 1 272 80 is_stmt 0 view .LVU100
 410 0000 F0B5     		push	{r4, r5, r6, r7, lr}
 411              	.LCFI5:
 412              		.cfi_def_cfa_offset 20
 413              		.cfi_offset 4, -20
 414              		.cfi_offset 5, -16
 415              		.cfi_offset 6, -12
 416              		.cfi_offset 7, -8
 417              		.cfi_offset 14, -4
 418 0002 DE46     		mov	lr, fp
 419 0004 5746     		mov	r7, r10
 420 0006 4E46     		mov	r6, r9
 421 0008 4546     		mov	r5, r8
 422 000a E0B5     		push	{r5, r6, r7, lr}
 423              	.LCFI6:
 424              		.cfi_def_cfa_offset 36
 425              		.cfi_offset 8, -36
 426              		.cfi_offset 9, -32
 427              		.cfi_offset 10, -28
 428              		.cfi_offset 11, -24
 429 000c 91B0     		sub	sp, sp, #68
 430              	.LCFI7:
 431              		.cfi_def_cfa_offset 104
 432 000e 0F91     		str	r1, [sp, #60]
 433 0010 9146     		mov	r9, r2
 273:Core/Src/main.c ****     uint64_t mandelbrot_sum = 0;
 434              		.loc 1 273 5 is_stmt 1 view .LVU101
ARM GAS  C:\Users\admin\AppData\Local\Temp\cctIZYp1.s 			page 14


 435              	.LVL33:
 274:Core/Src/main.c ****     //TODO: Complete the function implementation
 275:Core/Src/main.c ****     double x0, xi;
 436              		.loc 1 275 5 view .LVU102
 276:Core/Src/main.c ****     double y0, yi;
 437              		.loc 1 276 5 view .LVU103
 277:Core/Src/main.c ****     double temp;
 438              		.loc 1 277 5 view .LVU104
 278:Core/Src/main.c ****     int iterations;
 439              		.loc 1 278 5 view .LVU105
 279:Core/Src/main.c **** 
 280:Core/Src/main.c ****     for (int y = 0; y < height; y++) {
 440              		.loc 1 280 5 view .LVU106
 441              	.LBB11:
 442              		.loc 1 280 10 view .LVU107
 443              		.loc 1 280 14 is_stmt 0 view .LVU108
 444 0012 0023     		movs	r3, #0
 445 0014 0E93     		str	r3, [sp, #56]
 446              	.LBE11:
 273:Core/Src/main.c ****     //TODO: Complete the function implementation
 447              		.loc 1 273 14 view .LVU109
 448 0016 0023     		movs	r3, #0
 449 0018 0024     		movs	r4, #0
 450 001a 0C93     		str	r3, [sp, #48]
 451 001c 0D94     		str	r4, [sp, #52]
 452 001e 0B90     		str	r0, [sp, #44]
 453              	.LBB14:
 454              		.loc 1 280 5 view .LVU110
 455 0020 89E0     		b	.L17
 456              	.LVL34:
 457              	.L20:
 458              	.LBB12:
 281:Core/Src/main.c ****     	for (int x = 0; x < width; x++){
 282:Core/Src/main.c ****     		x0 = ((x / (double)width) * 3.5) - 2.5;
 283:Core/Src/main.c ****        		y0 = ((y / (double)height) * 2.0) - 1.0;
 284:Core/Src/main.c **** 
 285:Core/Src/main.c ****        		xi = 0.0;
 286:Core/Src/main.c ****        		yi = 0.0;
 287:Core/Src/main.c **** 
 288:Core/Src/main.c ****        		iterations = 0;
 289:Core/Src/main.c **** 
 290:Core/Src/main.c ****        		while ((iterations < max_iterations) && ((xi * xi + yi * yi) < 4.0)) {
 291:Core/Src/main.c ****        			temp = (xi * xi) - (yi * yi);
 459              		.loc 1 291 11 is_stmt 1 view .LVU111
 460              		.loc 1 291 16 is_stmt 0 view .LVU112
 461 0022 029A     		ldr	r2, [sp, #8]
 462 0024 039B     		ldr	r3, [sp, #12]
 463 0026 0098     		ldr	r0, [sp]
 464 0028 0199     		ldr	r1, [sp, #4]
 465 002a FFF7FEFF 		bl	__aeabi_dsub
 466              	.LVL35:
 467 002e 0090     		str	r0, [sp]
 468 0030 0191     		str	r1, [sp, #4]
 469              	.LVL36:
 292:Core/Src/main.c ****        			yi = (2.0* xi * yi) + y0;
 470              		.loc 1 292 11 is_stmt 1 view .LVU113
 471              		.loc 1 292 20 is_stmt 0 view .LVU114
ARM GAS  C:\Users\admin\AppData\Local\Temp\cctIZYp1.s 			page 15


 472 0032 3200     		movs	r2, r6
 473 0034 3B00     		movs	r3, r7
 474 0036 3000     		movs	r0, r6
 475              	.LVL37:
 476              		.loc 1 292 20 view .LVU115
 477 0038 3900     		movs	r1, r7
 478 003a FFF7FEFF 		bl	__aeabi_dadd
 479              	.LVL38:
 480              		.loc 1 292 25 view .LVU116
 481 003e 2200     		movs	r2, r4
 482 0040 2B00     		movs	r3, r5
 483 0042 FFF7FEFF 		bl	__aeabi_dmul
 484              	.LVL39:
 485              		.loc 1 292 14 view .LVU117
 486 0046 069A     		ldr	r2, [sp, #24]
 487 0048 079B     		ldr	r3, [sp, #28]
 488 004a FFF7FEFF 		bl	__aeabi_dadd
 489              	.LVL40:
 490 004e 0400     		movs	r4, r0
 491              	.LVL41:
 492              		.loc 1 292 14 view .LVU118
 493 0050 0D00     		movs	r5, r1
 494              	.LVL42:
 293:Core/Src/main.c ****        			xi = temp + x0;
 495              		.loc 1 293 11 is_stmt 1 view .LVU119
 496              		.loc 1 293 14 is_stmt 0 view .LVU120
 497 0052 009A     		ldr	r2, [sp]
 498 0054 019B     		ldr	r3, [sp, #4]
 499 0056 0498     		ldr	r0, [sp, #16]
 500 0058 0599     		ldr	r1, [sp, #20]
 501 005a FFF7FEFF 		bl	__aeabi_dadd
 502              	.LVL43:
 503 005e 0600     		movs	r6, r0
 504              	.LVL44:
 505              		.loc 1 293 14 view .LVU121
 506 0060 0F00     		movs	r7, r1
 507              	.LVL45:
 294:Core/Src/main.c ****        			iterations++;
 508              		.loc 1 294 11 is_stmt 1 view .LVU122
 509              		.loc 1 294 21 is_stmt 0 view .LVU123
 510 0062 0123     		movs	r3, #1
 511 0064 9C46     		mov	ip, r3
 512 0066 E044     		add	r8, r8, ip
 513              	.LVL46:
 514              	.L18:
 290:Core/Src/main.c ****        			temp = (xi * xi) - (yi * yi);
 515              		.loc 1 290 47 is_stmt 1 view .LVU124
 516 0068 C845     		cmp	r8, r9
 517 006a 1BDA     		bge	.L19
 290:Core/Src/main.c ****        			temp = (xi * xi) - (yi * yi);
 518              		.loc 1 290 55 is_stmt 0 discriminator 1 view .LVU125
 519 006c 3200     		movs	r2, r6
 520 006e 3B00     		movs	r3, r7
 521 0070 3000     		movs	r0, r6
 522 0072 3900     		movs	r1, r7
 523 0074 FFF7FEFF 		bl	__aeabi_dmul
 524              	.LVL47:
ARM GAS  C:\Users\admin\AppData\Local\Temp\cctIZYp1.s 			page 16


 525 0078 0090     		str	r0, [sp]
 526 007a 0191     		str	r1, [sp, #4]
 290:Core/Src/main.c ****        			temp = (xi * xi) - (yi * yi);
 527              		.loc 1 290 65 discriminator 1 view .LVU126
 528 007c 2200     		movs	r2, r4
 529 007e 2B00     		movs	r3, r5
 530 0080 2000     		movs	r0, r4
 531 0082 2900     		movs	r1, r5
 532 0084 FFF7FEFF 		bl	__aeabi_dmul
 533              	.LVL48:
 534 0088 0200     		movs	r2, r0
 535 008a 0B00     		movs	r3, r1
 536 008c 0292     		str	r2, [sp, #8]
 537 008e 0393     		str	r3, [sp, #12]
 290:Core/Src/main.c ****        			temp = (xi * xi) - (yi * yi);
 538              		.loc 1 290 60 discriminator 1 view .LVU127
 539 0090 0098     		ldr	r0, [sp]
 540 0092 0199     		ldr	r1, [sp, #4]
 541 0094 FFF7FEFF 		bl	__aeabi_dadd
 542              	.LVL49:
 290:Core/Src/main.c ****        			temp = (xi * xi) - (yi * yi);
 543              		.loc 1 290 47 discriminator 1 view .LVU128
 544 0098 0022     		movs	r2, #0
 545 009a 324B     		ldr	r3, .L26
 546 009c FFF7FEFF 		bl	__aeabi_dcmplt
 547              	.LVL50:
 548 00a0 0028     		cmp	r0, #0
 549 00a2 BED1     		bne	.L20
 550              	.L19:
 295:Core/Src/main.c ****        		}
 296:Core/Src/main.c **** 
 297:Core/Src/main.c ****        		mandelbrot_sum +=iterations;
 551              		.loc 1 297 10 is_stmt 1 view .LVU129
 552              		.loc 1 297 25 is_stmt 0 view .LVU130
 553 00a4 4346     		mov	r3, r8
 554 00a6 0893     		str	r3, [sp, #32]
 555 00a8 DB17     		asrs	r3, r3, #31
 556 00aa 0993     		str	r3, [sp, #36]
 557 00ac 0C9B     		ldr	r3, [sp, #48]
 558 00ae 0D9C     		ldr	r4, [sp, #52]
 559 00b0 0899     		ldr	r1, [sp, #32]
 560 00b2 099A     		ldr	r2, [sp, #36]
 561 00b4 5B18     		adds	r3, r3, r1
 562 00b6 5441     		adcs	r4, r4, r2
 563 00b8 0C93     		str	r3, [sp, #48]
 564 00ba 0D94     		str	r4, [sp, #52]
 565              	.LVL51:
 281:Core/Src/main.c ****     		x0 = ((x / (double)width) * 3.5) - 2.5;
 566              		.loc 1 281 34 is_stmt 1 discriminator 2 view .LVU131
 567 00bc 0A9B     		ldr	r3, [sp, #40]
 568              	.LVL52:
 281:Core/Src/main.c ****     		x0 = ((x / (double)width) * 3.5) - 2.5;
 569              		.loc 1 281 34 is_stmt 0 discriminator 2 view .LVU132
 570 00be 0133     		adds	r3, r3, #1
 571 00c0 0A93     		str	r3, [sp, #40]
 572              	.LVL53:
 573              	.L22:
ARM GAS  C:\Users\admin\AppData\Local\Temp\cctIZYp1.s 			page 17


 281:Core/Src/main.c ****     		x0 = ((x / (double)width) * 3.5) - 2.5;
 574              		.loc 1 281 24 is_stmt 1 discriminator 1 view .LVU133
 575 00c2 0A9B     		ldr	r3, [sp, #40]
 576 00c4 0B9A     		ldr	r2, [sp, #44]
 577 00c6 9342     		cmp	r3, r2
 578 00c8 32DA     		bge	.L24
 282:Core/Src/main.c ****        		y0 = ((y / (double)height) * 2.0) - 1.0;
 579              		.loc 1 282 7 view .LVU134
 282:Core/Src/main.c ****        		y0 = ((y / (double)height) * 2.0) - 1.0;
 580              		.loc 1 282 18 is_stmt 0 view .LVU135
 581 00ca 0B98     		ldr	r0, [sp, #44]
 582 00cc FFF7FEFF 		bl	__aeabi_i2d
 583              	.LVL54:
 584 00d0 0400     		movs	r4, r0
 585 00d2 0D00     		movs	r5, r1
 282:Core/Src/main.c ****        		y0 = ((y / (double)height) * 2.0) - 1.0;
 586              		.loc 1 282 16 view .LVU136
 587 00d4 0A98     		ldr	r0, [sp, #40]
 588 00d6 FFF7FEFF 		bl	__aeabi_i2d
 589              	.LVL55:
 590 00da 2200     		movs	r2, r4
 591 00dc 2B00     		movs	r3, r5
 592 00de FFF7FEFF 		bl	__aeabi_ddiv
 593              	.LVL56:
 282:Core/Src/main.c ****        		y0 = ((y / (double)height) * 2.0) - 1.0;
 594              		.loc 1 282 33 view .LVU137
 595 00e2 0022     		movs	r2, #0
 596 00e4 204B     		ldr	r3, .L26+4
 597 00e6 FFF7FEFF 		bl	__aeabi_dmul
 598              	.LVL57:
 282:Core/Src/main.c ****        		y0 = ((y / (double)height) * 2.0) - 1.0;
 599              		.loc 1 282 10 view .LVU138
 600 00ea 0022     		movs	r2, #0
 601 00ec 1F4B     		ldr	r3, .L26+8
 602 00ee FFF7FEFF 		bl	__aeabi_dsub
 603              	.LVL58:
 604 00f2 0490     		str	r0, [sp, #16]
 605 00f4 0591     		str	r1, [sp, #20]
 606              	.LVL59:
 283:Core/Src/main.c **** 
 607              		.loc 1 283 10 is_stmt 1 view .LVU139
 283:Core/Src/main.c **** 
 608              		.loc 1 283 21 is_stmt 0 view .LVU140
 609 00f6 5046     		mov	r0, r10
 610              	.LVL60:
 283:Core/Src/main.c **** 
 611              		.loc 1 283 21 view .LVU141
 612 00f8 FFF7FEFF 		bl	__aeabi_i2d
 613              	.LVL61:
 614 00fc 0400     		movs	r4, r0
 615 00fe 0D00     		movs	r5, r1
 283:Core/Src/main.c **** 
 616              		.loc 1 283 19 view .LVU142
 617 0100 5846     		mov	r0, fp
 618 0102 FFF7FEFF 		bl	__aeabi_i2d
 619              	.LVL62:
 620 0106 2200     		movs	r2, r4
ARM GAS  C:\Users\admin\AppData\Local\Temp\cctIZYp1.s 			page 18


 621 0108 2B00     		movs	r3, r5
 622 010a FFF7FEFF 		bl	__aeabi_ddiv
 623              	.LVL63:
 283:Core/Src/main.c **** 
 624              		.loc 1 283 37 view .LVU143
 625 010e 0200     		movs	r2, r0
 626 0110 0B00     		movs	r3, r1
 627 0112 FFF7FEFF 		bl	__aeabi_dadd
 628              	.LVL64:
 283:Core/Src/main.c **** 
 629              		.loc 1 283 13 view .LVU144
 630 0116 0022     		movs	r2, #0
 631 0118 154B     		ldr	r3, .L26+12
 632 011a FFF7FEFF 		bl	__aeabi_dsub
 633              	.LVL65:
 634 011e 0690     		str	r0, [sp, #24]
 635 0120 0791     		str	r1, [sp, #28]
 636              	.LVL66:
 285:Core/Src/main.c ****        		yi = 0.0;
 637              		.loc 1 285 10 is_stmt 1 view .LVU145
 286:Core/Src/main.c **** 
 638              		.loc 1 286 10 view .LVU146
 288:Core/Src/main.c **** 
 639              		.loc 1 288 10 view .LVU147
 290:Core/Src/main.c ****        			temp = (xi * xi) - (yi * yi);
 640              		.loc 1 290 10 view .LVU148
 288:Core/Src/main.c **** 
 641              		.loc 1 288 21 is_stmt 0 view .LVU149
 642 0122 0023     		movs	r3, #0
 643 0124 9846     		mov	r8, r3
 286:Core/Src/main.c **** 
 644              		.loc 1 286 13 view .LVU150
 645 0126 0024     		movs	r4, #0
 646 0128 0025     		movs	r5, #0
 285:Core/Src/main.c ****        		yi = 0.0;
 647              		.loc 1 285 13 view .LVU151
 648 012a 2600     		movs	r6, r4
 649 012c 2F00     		movs	r7, r5
 290:Core/Src/main.c ****        			temp = (xi * xi) - (yi * yi);
 650              		.loc 1 290 16 view .LVU152
 651 012e 9BE7     		b	.L18
 652              	.LVL67:
 653              	.L24:
 290:Core/Src/main.c ****        			temp = (xi * xi) - (yi * yi);
 654              		.loc 1 290 16 view .LVU153
 655              	.LBE12:
 280:Core/Src/main.c ****     	for (int x = 0; x < width; x++){
 656              		.loc 1 280 34 is_stmt 1 discriminator 2 view .LVU154
 657 0130 0E9B     		ldr	r3, [sp, #56]
 658              	.LVL68:
 280:Core/Src/main.c ****     	for (int x = 0; x < width; x++){
 659              		.loc 1 280 34 is_stmt 0 discriminator 2 view .LVU155
 660 0132 0133     		adds	r3, r3, #1
 661 0134 0E93     		str	r3, [sp, #56]
 662              	.LVL69:
 663              	.L17:
 280:Core/Src/main.c ****     	for (int x = 0; x < width; x++){
ARM GAS  C:\Users\admin\AppData\Local\Temp\cctIZYp1.s 			page 19


 664              		.loc 1 280 23 is_stmt 1 discriminator 1 view .LVU156
 665 0136 0E9B     		ldr	r3, [sp, #56]
 666 0138 0F9A     		ldr	r2, [sp, #60]
 667 013a 9342     		cmp	r3, r2
 668 013c 08DA     		bge	.L25
 669              	.LBB13:
 281:Core/Src/main.c ****     		x0 = ((x / (double)width) * 3.5) - 2.5;
 670              		.loc 1 281 15 is_stmt 0 view .LVU157
 671 013e 0023     		movs	r3, #0
 672 0140 9A46     		mov	r10, r3
 673 0142 0E9B     		ldr	r3, [sp, #56]
 674 0144 9B46     		mov	fp, r3
 675 0146 5346     		mov	r3, r10
 676 0148 0A93     		str	r3, [sp, #40]
 677 014a 0F9B     		ldr	r3, [sp, #60]
 678 014c 9A46     		mov	r10, r3
 679 014e B8E7     		b	.L22
 680              	.LVL70:
 681              	.L25:
 281:Core/Src/main.c ****     		x0 = ((x / (double)width) * 3.5) - 2.5;
 682              		.loc 1 281 15 view .LVU158
 683              	.LBE13:
 684              	.LBE14:
 298:Core/Src/main.c ****        }
 299:Core/Src/main.c ****     }
 300:Core/Src/main.c ****     return mandelbrot_sum;
 685              		.loc 1 300 5 is_stmt 1 view .LVU159
 301:Core/Src/main.c **** }
 686              		.loc 1 301 1 is_stmt 0 view .LVU160
 687 0150 0C98     		ldr	r0, [sp, #48]
 688 0152 0D99     		ldr	r1, [sp, #52]
 689 0154 11B0     		add	sp, sp, #68
 690              		@ sp needed
 691              	.LVL71:
 692              		.loc 1 301 1 view .LVU161
 693 0156 F0BC     		pop	{r4, r5, r6, r7}
 694 0158 BB46     		mov	fp, r7
 695 015a B246     		mov	r10, r6
 696 015c A946     		mov	r9, r5
 697 015e A046     		mov	r8, r4
 698 0160 F0BD     		pop	{r4, r5, r6, r7, pc}
 699              	.L27:
 700 0162 C046     		.align	2
 701              	.L26:
 702 0164 00001040 		.word	1074790400
 703 0168 00000C40 		.word	1074528256
 704 016c 00000440 		.word	1074003968
 705 0170 0000F03F 		.word	1072693248
 706              		.cfi_endproc
 707              	.LFE44:
 709              		.section	.text.Error_Handler,"ax",%progbits
 710              		.align	1
 711              		.global	Error_Handler
 712              		.syntax unified
 713              		.code	16
 714              		.thumb_func
 716              	Error_Handler:
ARM GAS  C:\Users\admin\AppData\Local\Temp\cctIZYp1.s 			page 20


 717              	.LFB45:
 302:Core/Src/main.c **** 
 303:Core/Src/main.c **** void Error_Handler(void)
 304:Core/Src/main.c **** {
 718              		.loc 1 304 1 is_stmt 1 view -0
 719              		.cfi_startproc
 720              		@ Volatile: function does not return.
 721              		@ args = 0, pretend = 0, frame = 0
 722              		@ frame_needed = 0, uses_anonymous_args = 0
 723              		@ link register save eliminated.
 305:Core/Src/main.c ****   /* USER CODE BEGIN Error_Handler_Debug */
 306:Core/Src/main.c ****   /* User can add his own implementation to report the HAL error return state */
 307:Core/Src/main.c ****   __disable_irq();
 724              		.loc 1 307 3 view .LVU163
 725              	.LBB15:
 726              	.LBI15:
 727              		.file 2 "Drivers/CMSIS/Include/cmsis_gcc.h"
   1:Drivers/CMSIS/Include/cmsis_gcc.h **** /**************************************************************************//**
   2:Drivers/CMSIS/Include/cmsis_gcc.h ****  * @file     cmsis_gcc.h
   3:Drivers/CMSIS/Include/cmsis_gcc.h ****  * @brief    CMSIS compiler GCC header file
   4:Drivers/CMSIS/Include/cmsis_gcc.h ****  * @version  V5.0.4
   5:Drivers/CMSIS/Include/cmsis_gcc.h ****  * @date     09. April 2018
   6:Drivers/CMSIS/Include/cmsis_gcc.h ****  ******************************************************************************/
   7:Drivers/CMSIS/Include/cmsis_gcc.h **** /*
   8:Drivers/CMSIS/Include/cmsis_gcc.h ****  * Copyright (c) 2009-2018 Arm Limited. All rights reserved.
   9:Drivers/CMSIS/Include/cmsis_gcc.h ****  *
  10:Drivers/CMSIS/Include/cmsis_gcc.h ****  * SPDX-License-Identifier: Apache-2.0
  11:Drivers/CMSIS/Include/cmsis_gcc.h ****  *
  12:Drivers/CMSIS/Include/cmsis_gcc.h ****  * Licensed under the Apache License, Version 2.0 (the License); you may
  13:Drivers/CMSIS/Include/cmsis_gcc.h ****  * not use this file except in compliance with the License.
  14:Drivers/CMSIS/Include/cmsis_gcc.h ****  * You may obtain a copy of the License at
  15:Drivers/CMSIS/Include/cmsis_gcc.h ****  *
  16:Drivers/CMSIS/Include/cmsis_gcc.h ****  * www.apache.org/licenses/LICENSE-2.0
  17:Drivers/CMSIS/Include/cmsis_gcc.h ****  *
  18:Drivers/CMSIS/Include/cmsis_gcc.h ****  * Unless required by applicable law or agreed to in writing, software
  19:Drivers/CMSIS/Include/cmsis_gcc.h ****  * distributed under the License is distributed on an AS IS BASIS, WITHOUT
  20:Drivers/CMSIS/Include/cmsis_gcc.h ****  * WARRANTIES OR CONDITIONS OF ANY KIND, either express or implied.
  21:Drivers/CMSIS/Include/cmsis_gcc.h ****  * See the License for the specific language governing permissions and
  22:Drivers/CMSIS/Include/cmsis_gcc.h ****  * limitations under the License.
  23:Drivers/CMSIS/Include/cmsis_gcc.h ****  */
  24:Drivers/CMSIS/Include/cmsis_gcc.h **** 
  25:Drivers/CMSIS/Include/cmsis_gcc.h **** #ifndef __CMSIS_GCC_H
  26:Drivers/CMSIS/Include/cmsis_gcc.h **** #define __CMSIS_GCC_H
  27:Drivers/CMSIS/Include/cmsis_gcc.h **** 
  28:Drivers/CMSIS/Include/cmsis_gcc.h **** /* ignore some GCC warnings */
  29:Drivers/CMSIS/Include/cmsis_gcc.h **** #pragma GCC diagnostic push
  30:Drivers/CMSIS/Include/cmsis_gcc.h **** #pragma GCC diagnostic ignored "-Wsign-conversion"
  31:Drivers/CMSIS/Include/cmsis_gcc.h **** #pragma GCC diagnostic ignored "-Wconversion"
  32:Drivers/CMSIS/Include/cmsis_gcc.h **** #pragma GCC diagnostic ignored "-Wunused-parameter"
  33:Drivers/CMSIS/Include/cmsis_gcc.h **** 
  34:Drivers/CMSIS/Include/cmsis_gcc.h **** /* Fallback for __has_builtin */
  35:Drivers/CMSIS/Include/cmsis_gcc.h **** #ifndef __has_builtin
  36:Drivers/CMSIS/Include/cmsis_gcc.h ****   #define __has_builtin(x) (0)
  37:Drivers/CMSIS/Include/cmsis_gcc.h **** #endif
  38:Drivers/CMSIS/Include/cmsis_gcc.h **** 
  39:Drivers/CMSIS/Include/cmsis_gcc.h **** /* CMSIS compiler specific defines */
  40:Drivers/CMSIS/Include/cmsis_gcc.h **** #ifndef   __ASM
ARM GAS  C:\Users\admin\AppData\Local\Temp\cctIZYp1.s 			page 21


  41:Drivers/CMSIS/Include/cmsis_gcc.h ****   #define __ASM                                  __asm
  42:Drivers/CMSIS/Include/cmsis_gcc.h **** #endif
  43:Drivers/CMSIS/Include/cmsis_gcc.h **** #ifndef   __INLINE
  44:Drivers/CMSIS/Include/cmsis_gcc.h ****   #define __INLINE                               inline
  45:Drivers/CMSIS/Include/cmsis_gcc.h **** #endif
  46:Drivers/CMSIS/Include/cmsis_gcc.h **** #ifndef   __STATIC_INLINE
  47:Drivers/CMSIS/Include/cmsis_gcc.h ****   #define __STATIC_INLINE                        static inline
  48:Drivers/CMSIS/Include/cmsis_gcc.h **** #endif
  49:Drivers/CMSIS/Include/cmsis_gcc.h **** #ifndef   __STATIC_FORCEINLINE                 
  50:Drivers/CMSIS/Include/cmsis_gcc.h ****   #define __STATIC_FORCEINLINE                   __attribute__((always_inline)) static inline
  51:Drivers/CMSIS/Include/cmsis_gcc.h **** #endif                                           
  52:Drivers/CMSIS/Include/cmsis_gcc.h **** #ifndef   __NO_RETURN
  53:Drivers/CMSIS/Include/cmsis_gcc.h ****   #define __NO_RETURN                            __attribute__((__noreturn__))
  54:Drivers/CMSIS/Include/cmsis_gcc.h **** #endif
  55:Drivers/CMSIS/Include/cmsis_gcc.h **** #ifndef   __USED
  56:Drivers/CMSIS/Include/cmsis_gcc.h ****   #define __USED                                 __attribute__((used))
  57:Drivers/CMSIS/Include/cmsis_gcc.h **** #endif
  58:Drivers/CMSIS/Include/cmsis_gcc.h **** #ifndef   __WEAK
  59:Drivers/CMSIS/Include/cmsis_gcc.h ****   #define __WEAK                                 __attribute__((weak))
  60:Drivers/CMSIS/Include/cmsis_gcc.h **** #endif
  61:Drivers/CMSIS/Include/cmsis_gcc.h **** #ifndef   __PACKED
  62:Drivers/CMSIS/Include/cmsis_gcc.h ****   #define __PACKED                               __attribute__((packed, aligned(1)))
  63:Drivers/CMSIS/Include/cmsis_gcc.h **** #endif
  64:Drivers/CMSIS/Include/cmsis_gcc.h **** #ifndef   __PACKED_STRUCT
  65:Drivers/CMSIS/Include/cmsis_gcc.h ****   #define __PACKED_STRUCT                        struct __attribute__((packed, aligned(1)))
  66:Drivers/CMSIS/Include/cmsis_gcc.h **** #endif
  67:Drivers/CMSIS/Include/cmsis_gcc.h **** #ifndef   __PACKED_UNION
  68:Drivers/CMSIS/Include/cmsis_gcc.h ****   #define __PACKED_UNION                         union __attribute__((packed, aligned(1)))
  69:Drivers/CMSIS/Include/cmsis_gcc.h **** #endif
  70:Drivers/CMSIS/Include/cmsis_gcc.h **** #ifndef   __UNALIGNED_UINT32        /* deprecated */
  71:Drivers/CMSIS/Include/cmsis_gcc.h ****   #pragma GCC diagnostic push
  72:Drivers/CMSIS/Include/cmsis_gcc.h ****   #pragma GCC diagnostic ignored "-Wpacked"
  73:Drivers/CMSIS/Include/cmsis_gcc.h ****   #pragma GCC diagnostic ignored "-Wattributes"
  74:Drivers/CMSIS/Include/cmsis_gcc.h ****   struct __attribute__((packed)) T_UINT32 { uint32_t v; };
  75:Drivers/CMSIS/Include/cmsis_gcc.h ****   #pragma GCC diagnostic pop
  76:Drivers/CMSIS/Include/cmsis_gcc.h ****   #define __UNALIGNED_UINT32(x)                  (((struct T_UINT32 *)(x))->v)
  77:Drivers/CMSIS/Include/cmsis_gcc.h **** #endif
  78:Drivers/CMSIS/Include/cmsis_gcc.h **** #ifndef   __UNALIGNED_UINT16_WRITE
  79:Drivers/CMSIS/Include/cmsis_gcc.h ****   #pragma GCC diagnostic push
  80:Drivers/CMSIS/Include/cmsis_gcc.h ****   #pragma GCC diagnostic ignored "-Wpacked"
  81:Drivers/CMSIS/Include/cmsis_gcc.h ****   #pragma GCC diagnostic ignored "-Wattributes"
  82:Drivers/CMSIS/Include/cmsis_gcc.h ****   __PACKED_STRUCT T_UINT16_WRITE { uint16_t v; };
  83:Drivers/CMSIS/Include/cmsis_gcc.h ****   #pragma GCC diagnostic pop
  84:Drivers/CMSIS/Include/cmsis_gcc.h ****   #define __UNALIGNED_UINT16_WRITE(addr, val)    (void)((((struct T_UINT16_WRITE *)(void *)(addr))-
  85:Drivers/CMSIS/Include/cmsis_gcc.h **** #endif
  86:Drivers/CMSIS/Include/cmsis_gcc.h **** #ifndef   __UNALIGNED_UINT16_READ
  87:Drivers/CMSIS/Include/cmsis_gcc.h ****   #pragma GCC diagnostic push
  88:Drivers/CMSIS/Include/cmsis_gcc.h ****   #pragma GCC diagnostic ignored "-Wpacked"
  89:Drivers/CMSIS/Include/cmsis_gcc.h ****   #pragma GCC diagnostic ignored "-Wattributes"
  90:Drivers/CMSIS/Include/cmsis_gcc.h ****   __PACKED_STRUCT T_UINT16_READ { uint16_t v; };
  91:Drivers/CMSIS/Include/cmsis_gcc.h ****   #pragma GCC diagnostic pop
  92:Drivers/CMSIS/Include/cmsis_gcc.h ****   #define __UNALIGNED_UINT16_READ(addr)          (((const struct T_UINT16_READ *)(const void *)(add
  93:Drivers/CMSIS/Include/cmsis_gcc.h **** #endif
  94:Drivers/CMSIS/Include/cmsis_gcc.h **** #ifndef   __UNALIGNED_UINT32_WRITE
  95:Drivers/CMSIS/Include/cmsis_gcc.h ****   #pragma GCC diagnostic push
  96:Drivers/CMSIS/Include/cmsis_gcc.h ****   #pragma GCC diagnostic ignored "-Wpacked"
  97:Drivers/CMSIS/Include/cmsis_gcc.h ****   #pragma GCC diagnostic ignored "-Wattributes"
ARM GAS  C:\Users\admin\AppData\Local\Temp\cctIZYp1.s 			page 22


  98:Drivers/CMSIS/Include/cmsis_gcc.h ****   __PACKED_STRUCT T_UINT32_WRITE { uint32_t v; };
  99:Drivers/CMSIS/Include/cmsis_gcc.h ****   #pragma GCC diagnostic pop
 100:Drivers/CMSIS/Include/cmsis_gcc.h ****   #define __UNALIGNED_UINT32_WRITE(addr, val)    (void)((((struct T_UINT32_WRITE *)(void *)(addr))-
 101:Drivers/CMSIS/Include/cmsis_gcc.h **** #endif
 102:Drivers/CMSIS/Include/cmsis_gcc.h **** #ifndef   __UNALIGNED_UINT32_READ
 103:Drivers/CMSIS/Include/cmsis_gcc.h ****   #pragma GCC diagnostic push
 104:Drivers/CMSIS/Include/cmsis_gcc.h ****   #pragma GCC diagnostic ignored "-Wpacked"
 105:Drivers/CMSIS/Include/cmsis_gcc.h ****   #pragma GCC diagnostic ignored "-Wattributes"
 106:Drivers/CMSIS/Include/cmsis_gcc.h ****   __PACKED_STRUCT T_UINT32_READ { uint32_t v; };
 107:Drivers/CMSIS/Include/cmsis_gcc.h ****   #pragma GCC diagnostic pop
 108:Drivers/CMSIS/Include/cmsis_gcc.h ****   #define __UNALIGNED_UINT32_READ(addr)          (((const struct T_UINT32_READ *)(const void *)(add
 109:Drivers/CMSIS/Include/cmsis_gcc.h **** #endif
 110:Drivers/CMSIS/Include/cmsis_gcc.h **** #ifndef   __ALIGNED
 111:Drivers/CMSIS/Include/cmsis_gcc.h ****   #define __ALIGNED(x)                           __attribute__((aligned(x)))
 112:Drivers/CMSIS/Include/cmsis_gcc.h **** #endif
 113:Drivers/CMSIS/Include/cmsis_gcc.h **** #ifndef   __RESTRICT
 114:Drivers/CMSIS/Include/cmsis_gcc.h ****   #define __RESTRICT                             __restrict
 115:Drivers/CMSIS/Include/cmsis_gcc.h **** #endif
 116:Drivers/CMSIS/Include/cmsis_gcc.h **** 
 117:Drivers/CMSIS/Include/cmsis_gcc.h **** 
 118:Drivers/CMSIS/Include/cmsis_gcc.h **** /* ###########################  Core Function Access  ########################### */
 119:Drivers/CMSIS/Include/cmsis_gcc.h **** /** \ingroup  CMSIS_Core_FunctionInterface
 120:Drivers/CMSIS/Include/cmsis_gcc.h ****     \defgroup CMSIS_Core_RegAccFunctions CMSIS Core Register Access Functions
 121:Drivers/CMSIS/Include/cmsis_gcc.h ****   @{
 122:Drivers/CMSIS/Include/cmsis_gcc.h ****  */
 123:Drivers/CMSIS/Include/cmsis_gcc.h **** 
 124:Drivers/CMSIS/Include/cmsis_gcc.h **** /**
 125:Drivers/CMSIS/Include/cmsis_gcc.h ****   \brief   Enable IRQ Interrupts
 126:Drivers/CMSIS/Include/cmsis_gcc.h ****   \details Enables IRQ interrupts by clearing the I-bit in the CPSR.
 127:Drivers/CMSIS/Include/cmsis_gcc.h ****            Can only be executed in Privileged modes.
 128:Drivers/CMSIS/Include/cmsis_gcc.h ****  */
 129:Drivers/CMSIS/Include/cmsis_gcc.h **** __STATIC_FORCEINLINE void __enable_irq(void)
 130:Drivers/CMSIS/Include/cmsis_gcc.h **** {
 131:Drivers/CMSIS/Include/cmsis_gcc.h ****   __ASM volatile ("cpsie i" : : : "memory");
 132:Drivers/CMSIS/Include/cmsis_gcc.h **** }
 133:Drivers/CMSIS/Include/cmsis_gcc.h **** 
 134:Drivers/CMSIS/Include/cmsis_gcc.h **** 
 135:Drivers/CMSIS/Include/cmsis_gcc.h **** /**
 136:Drivers/CMSIS/Include/cmsis_gcc.h ****   \brief   Disable IRQ Interrupts
 137:Drivers/CMSIS/Include/cmsis_gcc.h ****   \details Disables IRQ interrupts by setting the I-bit in the CPSR.
 138:Drivers/CMSIS/Include/cmsis_gcc.h ****            Can only be executed in Privileged modes.
 139:Drivers/CMSIS/Include/cmsis_gcc.h ****  */
 140:Drivers/CMSIS/Include/cmsis_gcc.h **** __STATIC_FORCEINLINE void __disable_irq(void)
 728              		.loc 2 140 27 view .LVU164
 729              	.LBB16:
 141:Drivers/CMSIS/Include/cmsis_gcc.h **** {
 142:Drivers/CMSIS/Include/cmsis_gcc.h ****   __ASM volatile ("cpsid i" : : : "memory");
 730              		.loc 2 142 3 view .LVU165
 731              		.syntax divided
 732              	@ 142 "Drivers/CMSIS/Include/cmsis_gcc.h" 1
 733 0000 72B6     		cpsid i
 734              	@ 0 "" 2
 735              		.thumb
 736              		.syntax unified
 737              	.L29:
 738              	.LBE16:
 739              	.LBE15:
ARM GAS  C:\Users\admin\AppData\Local\Temp\cctIZYp1.s 			page 23


 308:Core/Src/main.c ****   while (1)
 740              		.loc 1 308 3 view .LVU166
 309:Core/Src/main.c ****   {
 310:Core/Src/main.c ****   }
 741              		.loc 1 310 3 view .LVU167
 308:Core/Src/main.c ****   while (1)
 742              		.loc 1 308 9 view .LVU168
 743 0002 FEE7     		b	.L29
 744              		.cfi_endproc
 745              	.LFE45:
 747              		.section	.text.SystemClock_Config,"ax",%progbits
 748              		.align	1
 749              		.global	SystemClock_Config
 750              		.syntax unified
 751              		.code	16
 752              		.thumb_func
 754              	SystemClock_Config:
 755              	.LFB41:
 156:Core/Src/main.c ****   RCC_OscInitTypeDef RCC_OscInitStruct = {0};
 756              		.loc 1 156 1 view -0
 757              		.cfi_startproc
 758              		@ args = 0, pretend = 0, frame = 64
 759              		@ frame_needed = 0, uses_anonymous_args = 0
 760 0000 00B5     		push	{lr}
 761              	.LCFI8:
 762              		.cfi_def_cfa_offset 4
 763              		.cfi_offset 14, -4
 764 0002 91B0     		sub	sp, sp, #68
 765              	.LCFI9:
 766              		.cfi_def_cfa_offset 72
 157:Core/Src/main.c ****   RCC_ClkInitTypeDef RCC_ClkInitStruct = {0};
 767              		.loc 1 157 3 view .LVU170
 157:Core/Src/main.c ****   RCC_ClkInitTypeDef RCC_ClkInitStruct = {0};
 768              		.loc 1 157 22 is_stmt 0 view .LVU171
 769 0004 3022     		movs	r2, #48
 770 0006 0021     		movs	r1, #0
 771 0008 04A8     		add	r0, sp, #16
 772 000a FFF7FEFF 		bl	memset
 773              	.LVL72:
 158:Core/Src/main.c **** 
 774              		.loc 1 158 3 is_stmt 1 view .LVU172
 158:Core/Src/main.c **** 
 775              		.loc 1 158 22 is_stmt 0 view .LVU173
 776 000e 1022     		movs	r2, #16
 777 0010 0021     		movs	r1, #0
 778 0012 6846     		mov	r0, sp
 779 0014 FFF7FEFF 		bl	memset
 780              	.LVL73:
 163:Core/Src/main.c ****   RCC_OscInitStruct.HSIState = RCC_HSI_ON;
 781              		.loc 1 163 3 is_stmt 1 view .LVU174
 163:Core/Src/main.c ****   RCC_OscInitStruct.HSIState = RCC_HSI_ON;
 782              		.loc 1 163 36 is_stmt 0 view .LVU175
 783 0018 0223     		movs	r3, #2
 784 001a 0493     		str	r3, [sp, #16]
 164:Core/Src/main.c ****   RCC_OscInitStruct.HSICalibrationValue = RCC_HSICALIBRATION_DEFAULT;
 785              		.loc 1 164 3 is_stmt 1 view .LVU176
 164:Core/Src/main.c ****   RCC_OscInitStruct.HSICalibrationValue = RCC_HSICALIBRATION_DEFAULT;
ARM GAS  C:\Users\admin\AppData\Local\Temp\cctIZYp1.s 			page 24


 786              		.loc 1 164 30 is_stmt 0 view .LVU177
 787 001c 0122     		movs	r2, #1
 788 001e 0792     		str	r2, [sp, #28]
 165:Core/Src/main.c ****   RCC_OscInitStruct.PLL.PLLState = RCC_PLL_ON;
 789              		.loc 1 165 3 is_stmt 1 view .LVU178
 165:Core/Src/main.c ****   RCC_OscInitStruct.PLL.PLLState = RCC_PLL_ON;
 790              		.loc 1 165 41 is_stmt 0 view .LVU179
 791 0020 0F32     		adds	r2, r2, #15
 792 0022 0892     		str	r2, [sp, #32]
 166:Core/Src/main.c ****   RCC_OscInitStruct.PLL.PLLSource = RCC_PLLSOURCE_HSI;
 793              		.loc 1 166 3 is_stmt 1 view .LVU180
 166:Core/Src/main.c ****   RCC_OscInitStruct.PLL.PLLSource = RCC_PLLSOURCE_HSI;
 794              		.loc 1 166 34 is_stmt 0 view .LVU181
 795 0024 0C93     		str	r3, [sp, #48]
 167:Core/Src/main.c ****   RCC_OscInitStruct.PLL.PLLMUL = RCC_PLL_MUL12;
 796              		.loc 1 167 3 is_stmt 1 view .LVU182
 168:Core/Src/main.c ****   RCC_OscInitStruct.PLL.PREDIV = RCC_PREDIV_DIV1;
 797              		.loc 1 168 3 view .LVU183
 168:Core/Src/main.c ****   RCC_OscInitStruct.PLL.PREDIV = RCC_PREDIV_DIV1;
 798              		.loc 1 168 32 is_stmt 0 view .LVU184
 799 0026 A023     		movs	r3, #160
 800 0028 9B03     		lsls	r3, r3, #14
 801 002a 0E93     		str	r3, [sp, #56]
 169:Core/Src/main.c ****   if (HAL_RCC_OscConfig(&RCC_OscInitStruct) != HAL_OK)
 802              		.loc 1 169 3 is_stmt 1 view .LVU185
 170:Core/Src/main.c ****   {
 803              		.loc 1 170 3 view .LVU186
 170:Core/Src/main.c ****   {
 804              		.loc 1 170 7 is_stmt 0 view .LVU187
 805 002c 04A8     		add	r0, sp, #16
 806 002e FFF7FEFF 		bl	HAL_RCC_OscConfig
 807              	.LVL74:
 170:Core/Src/main.c ****   {
 808              		.loc 1 170 6 discriminator 1 view .LVU188
 809 0032 0028     		cmp	r0, #0
 810 0034 0ED1     		bne	.L33
 177:Core/Src/main.c ****                               |RCC_CLOCKTYPE_PCLK1;
 811              		.loc 1 177 3 is_stmt 1 view .LVU189
 177:Core/Src/main.c ****                               |RCC_CLOCKTYPE_PCLK1;
 812              		.loc 1 177 31 is_stmt 0 view .LVU190
 813 0036 0723     		movs	r3, #7
 814 0038 0093     		str	r3, [sp]
 179:Core/Src/main.c ****   RCC_ClkInitStruct.AHBCLKDivider = RCC_SYSCLK_DIV1;
 815              		.loc 1 179 3 is_stmt 1 view .LVU191
 179:Core/Src/main.c ****   RCC_ClkInitStruct.AHBCLKDivider = RCC_SYSCLK_DIV1;
 816              		.loc 1 179 34 is_stmt 0 view .LVU192
 817 003a 053B     		subs	r3, r3, #5
 818 003c 0193     		str	r3, [sp, #4]
 180:Core/Src/main.c ****   RCC_ClkInitStruct.APB1CLKDivider = RCC_HCLK_DIV1;
 819              		.loc 1 180 3 is_stmt 1 view .LVU193
 180:Core/Src/main.c ****   RCC_ClkInitStruct.APB1CLKDivider = RCC_HCLK_DIV1;
 820              		.loc 1 180 35 is_stmt 0 view .LVU194
 821 003e 0023     		movs	r3, #0
 822 0040 0293     		str	r3, [sp, #8]
 181:Core/Src/main.c **** 
 823              		.loc 1 181 3 is_stmt 1 view .LVU195
 181:Core/Src/main.c **** 
ARM GAS  C:\Users\admin\AppData\Local\Temp\cctIZYp1.s 			page 25


 824              		.loc 1 181 36 is_stmt 0 view .LVU196
 825 0042 0393     		str	r3, [sp, #12]
 183:Core/Src/main.c ****   {
 826              		.loc 1 183 3 is_stmt 1 view .LVU197
 183:Core/Src/main.c ****   {
 827              		.loc 1 183 7 is_stmt 0 view .LVU198
 828 0044 0121     		movs	r1, #1
 829 0046 6846     		mov	r0, sp
 830 0048 FFF7FEFF 		bl	HAL_RCC_ClockConfig
 831              	.LVL75:
 183:Core/Src/main.c ****   {
 832              		.loc 1 183 6 discriminator 1 view .LVU199
 833 004c 0028     		cmp	r0, #0
 834 004e 03D1     		bne	.L34
 187:Core/Src/main.c **** 
 835              		.loc 1 187 1 view .LVU200
 836 0050 11B0     		add	sp, sp, #68
 837              		@ sp needed
 838 0052 00BD     		pop	{pc}
 839              	.L33:
 172:Core/Src/main.c ****   }
 840              		.loc 1 172 5 is_stmt 1 view .LVU201
 841 0054 FFF7FEFF 		bl	Error_Handler
 842              	.LVL76:
 843              	.L34:
 185:Core/Src/main.c ****   }
 844              		.loc 1 185 5 view .LVU202
 845 0058 FFF7FEFF 		bl	Error_Handler
 846              	.LVL77:
 847              		.cfi_endproc
 848              	.LFE41:
 850              		.global	__aeabi_lmul
 851              		.global	__aeabi_ui2d
 852              		.global	__aeabi_ul2d
 853              		.section	.text.main,"ax",%progbits
 854              		.align	1
 855              		.global	main
 856              		.syntax unified
 857              		.code	16
 858              		.thumb_func
 860              	main:
 861              	.LFB40:
  81:Core/Src/main.c **** 
 862              		.loc 1 81 1 view -0
 863              		.cfi_startproc
 864              		@ Volatile: function does not return.
 865              		@ args = 0, pretend = 0, frame = 0
 866              		@ frame_needed = 0, uses_anonymous_args = 0
 867 0000 F0B5     		push	{r4, r5, r6, r7, lr}
 868              	.LCFI10:
 869              		.cfi_def_cfa_offset 20
 870              		.cfi_offset 4, -20
 871              		.cfi_offset 5, -16
 872              		.cfi_offset 6, -12
 873              		.cfi_offset 7, -8
 874              		.cfi_offset 14, -4
 875 0002 C646     		mov	lr, r8
ARM GAS  C:\Users\admin\AppData\Local\Temp\cctIZYp1.s 			page 26


 876 0004 00B5     		push	{lr}
 877              	.LCFI11:
 878              		.cfi_def_cfa_offset 24
 879              		.cfi_offset 8, -24
  90:Core/Src/main.c **** 
 880              		.loc 1 90 3 view .LVU204
 881 0006 FFF7FEFF 		bl	HAL_Init
 882              	.LVL78:
  97:Core/Src/main.c **** 
 883              		.loc 1 97 3 view .LVU205
 884 000a FFF7FEFF 		bl	SystemClock_Config
 885              	.LVL79:
 104:Core/Src/main.c ****   /* USER CODE BEGIN 2 */
 886              		.loc 1 104 3 view .LVU206
 887 000e FFF7FEFF 		bl	MX_GPIO_Init
 888              	.LVL80:
 889              	.L36:
 110:Core/Src/main.c ****   {
 890              		.loc 1 110 3 view .LVU207
 117:Core/Src/main.c **** 
 891              		.loc 1 117 6 view .LVU208
 892 0012 294C     		ldr	r4, .L37
 893 0014 0122     		movs	r2, #1
 894 0016 0121     		movs	r1, #1
 895 0018 2000     		movs	r0, r4
 896 001a FFF7FEFF 		bl	HAL_GPIO_WritePin
 897              	.LVL81:
 121:Core/Src/main.c **** 
 898              		.loc 1 121 6 view .LVU209
 121:Core/Src/main.c **** 
 899              		.loc 1 121 19 is_stmt 0 view .LVU210
 900 001e FFF7FEFF 		bl	HAL_GetTick
 901              	.LVL82:
 121:Core/Src/main.c **** 
 902              		.loc 1 121 17 discriminator 1 view .LVU211
 903 0022 264E     		ldr	r6, .L37+4
 904 0024 3060     		str	r0, [r6]
 125:Core/Src/main.c **** 
 905              		.loc 1 125 6 is_stmt 1 view .LVU212
 125:Core/Src/main.c **** 
 906              		.loc 1 125 17 is_stmt 0 view .LVU213
 907 0026 264D     		ldr	r5, .L37+8
 908 0028 2968     		ldr	r1, [r5]
 909 002a 264F     		ldr	r7, .L37+12
 910 002c 3868     		ldr	r0, [r7]
 911 002e 6422     		movs	r2, #100
 912 0030 FFF7FEFF 		bl	calculate_mandelbrot_fixed_point_arithmetic
 913              	.LVL83:
 125:Core/Src/main.c **** 
 914              		.loc 1 125 15 discriminator 1 view .LVU214
 915 0034 244B     		ldr	r3, .L37+16
 916 0036 1860     		str	r0, [r3]
 917 0038 5960     		str	r1, [r3, #4]
 129:Core/Src/main.c **** 	    //TODO: Calculate the execution time
 918              		.loc 1 129 6 is_stmt 1 view .LVU215
 129:Core/Src/main.c **** 	    //TODO: Calculate the execution time
 919              		.loc 1 129 17 is_stmt 0 view .LVU216
ARM GAS  C:\Users\admin\AppData\Local\Temp\cctIZYp1.s 			page 27


 920 003a FFF7FEFF 		bl	HAL_GetTick
 921              	.LVL84:
 129:Core/Src/main.c **** 	    //TODO: Calculate the execution time
 922              		.loc 1 129 15 discriminator 1 view .LVU217
 923 003e 234B     		ldr	r3, .L37+20
 924 0040 1860     		str	r0, [r3]
 131:Core/Src/main.c **** 
 925              		.loc 1 131 6 is_stmt 1 view .LVU218
 131:Core/Src/main.c **** 
 926              		.loc 1 131 32 is_stmt 0 view .LVU219
 927 0042 3368     		ldr	r3, [r6]
 928 0044 C01A     		subs	r0, r0, r3
 131:Core/Src/main.c **** 
 929              		.loc 1 131 21 view .LVU220
 930 0046 224E     		ldr	r6, .L37+24
 931 0048 3060     		str	r0, [r6]
 134:Core/Src/main.c **** 
 932              		.loc 1 134 6 is_stmt 1 view .LVU221
 933 004a 0122     		movs	r2, #1
 934 004c 0221     		movs	r1, #2
 935 004e 2000     		movs	r0, r4
 936 0050 FFF7FEFF 		bl	HAL_GPIO_WritePin
 937              	.LVL85:
 136:Core/Src/main.c **** 	    executionSec = (double)execution_time / 1000.0;
 938              		.loc 1 136 6 view .LVU222
 136:Core/Src/main.c **** 	    executionSec = (double)execution_time / 1000.0;
 939              		.loc 1 136 20 is_stmt 0 view .LVU223
 940 0054 3A68     		ldr	r2, [r7]
 941 0056 D317     		asrs	r3, r2, #31
 136:Core/Src/main.c **** 	    executionSec = (double)execution_time / 1000.0;
 942              		.loc 1 136 36 view .LVU224
 943 0058 2868     		ldr	r0, [r5]
 944 005a C117     		asrs	r1, r0, #31
 945 005c FFF7FEFF 		bl	__aeabi_lmul
 946              	.LVL86:
 947 0060 8046     		mov	r8, r0
 948 0062 0D00     		movs	r5, r1
 136:Core/Src/main.c **** 	    executionSec = (double)execution_time / 1000.0;
 949              		.loc 1 136 18 view .LVU225
 950 0064 1B4B     		ldr	r3, .L37+28
 951 0066 1860     		str	r0, [r3]
 952 0068 5960     		str	r1, [r3, #4]
 137:Core/Src/main.c **** 	    throughput = (double)totalPixels/executionSec;
 953              		.loc 1 137 6 is_stmt 1 view .LVU226
 137:Core/Src/main.c **** 	    throughput = (double)totalPixels/executionSec;
 954              		.loc 1 137 21 is_stmt 0 view .LVU227
 955 006a 3068     		ldr	r0, [r6]
 956 006c FFF7FEFF 		bl	__aeabi_ui2d
 957              	.LVL87:
 137:Core/Src/main.c **** 	    throughput = (double)totalPixels/executionSec;
 958              		.loc 1 137 44 view .LVU228
 959 0070 0022     		movs	r2, #0
 960 0072 194B     		ldr	r3, .L37+32
 961 0074 FFF7FEFF 		bl	__aeabi_ddiv
 962              	.LVL88:
 963 0078 0600     		movs	r6, r0
 964 007a 0F00     		movs	r7, r1
ARM GAS  C:\Users\admin\AppData\Local\Temp\cctIZYp1.s 			page 28


 137:Core/Src/main.c **** 	    throughput = (double)totalPixels/executionSec;
 965              		.loc 1 137 19 view .LVU229
 966 007c 174B     		ldr	r3, .L37+36
 967 007e 1E60     		str	r6, [r3]
 968 0080 5F60     		str	r7, [r3, #4]
 138:Core/Src/main.c **** 	    //TODO: Hold the LEDs on for a 1s delay
 969              		.loc 1 138 6 is_stmt 1 view .LVU230
 138:Core/Src/main.c **** 	    //TODO: Hold the LEDs on for a 1s delay
 970              		.loc 1 138 19 is_stmt 0 view .LVU231
 971 0082 4046     		mov	r0, r8
 972 0084 2900     		movs	r1, r5
 973 0086 FFF7FEFF 		bl	__aeabi_ul2d
 974              	.LVL89:
 138:Core/Src/main.c **** 	    //TODO: Hold the LEDs on for a 1s delay
 975              		.loc 1 138 38 view .LVU232
 976 008a 3200     		movs	r2, r6
 977 008c 3B00     		movs	r3, r7
 978 008e FFF7FEFF 		bl	__aeabi_ddiv
 979              	.LVL90:
 138:Core/Src/main.c **** 	    //TODO: Hold the LEDs on for a 1s delay
 980              		.loc 1 138 17 view .LVU233
 981 0092 134B     		ldr	r3, .L37+40
 982 0094 1860     		str	r0, [r3]
 983 0096 5960     		str	r1, [r3, #4]
 140:Core/Src/main.c **** 
 984              		.loc 1 140 6 is_stmt 1 view .LVU234
 985 0098 FA20     		movs	r0, #250
 986 009a C000     		lsls	r0, r0, #3
 987 009c FFF7FEFF 		bl	HAL_Delay
 988              	.LVL91:
 143:Core/Src/main.c **** 	    HAL_GPIO_WritePin(GPIOB, GPIO_PIN_1, GPIO_PIN_RESET);
 989              		.loc 1 143 6 view .LVU235
 990 00a0 0022     		movs	r2, #0
 991 00a2 0121     		movs	r1, #1
 992 00a4 2000     		movs	r0, r4
 993 00a6 FFF7FEFF 		bl	HAL_GPIO_WritePin
 994              	.LVL92:
 144:Core/Src/main.c **** 
 995              		.loc 1 144 6 discriminator 1 view .LVU236
 996 00aa 0022     		movs	r2, #0
 997 00ac 0221     		movs	r1, #2
 998 00ae 2000     		movs	r0, r4
 999 00b0 FFF7FEFF 		bl	HAL_GPIO_WritePin
 1000              	.LVL93:
 110:Core/Src/main.c ****   {
 1001              		.loc 1 110 9 view .LVU237
 1002 00b4 ADE7     		b	.L36
 1003              	.L38:
 1004 00b6 C046     		.align	2
 1005              	.L37:
 1006 00b8 00040048 		.word	1207960576
 1007 00bc 00000000 		.word	start_time
 1008 00c0 00000000 		.word	height
 1009 00c4 00000000 		.word	width
 1010 00c8 00000000 		.word	checksum
 1011 00cc 00000000 		.word	end_time
 1012 00d0 00000000 		.word	execution_time
ARM GAS  C:\Users\admin\AppData\Local\Temp\cctIZYp1.s 			page 29


 1013 00d4 00000000 		.word	totalPixels
 1014 00d8 00408F40 		.word	1083129856
 1015 00dc 00000000 		.word	executionSec
 1016 00e0 00000000 		.word	throughput
 1017              		.cfi_endproc
 1018              	.LFE40:
 1020              		.global	height
 1021              		.section	.data.height,"aw"
 1022              		.align	2
 1025              	height:
 1026 0000 09010000 		.word	265
 1027              		.global	width
 1028              		.section	.data.width,"aw"
 1029              		.align	2
 1032              	width:
 1033 0000 09010000 		.word	265
 1034              		.global	throughput
 1035              		.section	.bss.throughput,"aw",%nobits
 1036              		.align	3
 1039              	throughput:
 1040 0000 00000000 		.space	8
 1040      00000000 
 1041              		.global	executionSec
 1042              		.section	.bss.executionSec,"aw",%nobits
 1043              		.align	3
 1046              	executionSec:
 1047 0000 00000000 		.space	8
 1047      00000000 
 1048              		.global	totalPixels
 1049              		.section	.bss.totalPixels,"aw",%nobits
 1050              		.align	3
 1053              	totalPixels:
 1054 0000 00000000 		.space	8
 1054      00000000 
 1055              		.global	cpuCycles
 1056              		.section	.bss.cpuCycles,"aw",%nobits
 1057              		.align	2
 1060              	cpuCycles:
 1061 0000 00000000 		.space	4
 1062              		.global	checksum
 1063              		.section	.bss.checksum,"aw",%nobits
 1064              		.align	3
 1067              	checksum:
 1068 0000 00000000 		.space	8
 1068      00000000 
 1069              		.global	execution_time
 1070              		.section	.bss.execution_time,"aw",%nobits
 1071              		.align	2
 1074              	execution_time:
 1075 0000 00000000 		.space	4
 1076              		.global	end_time
 1077              		.section	.bss.end_time,"aw",%nobits
 1078              		.align	2
 1081              	end_time:
 1082 0000 00000000 		.space	4
 1083              		.global	start_time
 1084              		.section	.bss.start_time,"aw",%nobits
ARM GAS  C:\Users\admin\AppData\Local\Temp\cctIZYp1.s 			page 30


 1085              		.align	2
 1088              	start_time:
 1089 0000 00000000 		.space	4
 1090              		.text
 1091              	.Letext0:
 1092              		.file 3 "C:\\ST\\STM32CubeIDE_1.19.0\\STM32CubeIDE\\plugins\\com.st.stm32cube.ide.mcu.externaltool
 1093              		.file 4 "C:\\ST\\STM32CubeIDE_1.19.0\\STM32CubeIDE\\plugins\\com.st.stm32cube.ide.mcu.externaltool
 1094              		.file 5 "Drivers/CMSIS/Device/ST/STM32F0xx/Include/stm32f051x8.h"
 1095              		.file 6 "Drivers/STM32F0xx_HAL_Driver/Inc/stm32f0xx_hal_def.h"
 1096              		.file 7 "Drivers/STM32F0xx_HAL_Driver/Inc/stm32f0xx_hal_rcc.h"
 1097              		.file 8 "Drivers/STM32F0xx_HAL_Driver/Inc/stm32f0xx_hal_gpio.h"
 1098              		.file 9 "Drivers/STM32F0xx_HAL_Driver/Inc/stm32f0xx_hal.h"
 1099              		.file 10 "<built-in>"
ARM GAS  C:\Users\admin\AppData\Local\Temp\cctIZYp1.s 			page 31


DEFINED SYMBOLS
                            *ABS*:00000000 main.c
C:\Users\admin\AppData\Local\Temp\cctIZYp1.s:19     .text.MX_GPIO_Init:00000000 $t
C:\Users\admin\AppData\Local\Temp\cctIZYp1.s:24     .text.MX_GPIO_Init:00000000 MX_GPIO_Init
C:\Users\admin\AppData\Local\Temp\cctIZYp1.s:131    .text.MX_GPIO_Init:0000006c $d
C:\Users\admin\AppData\Local\Temp\cctIZYp1.s:143    .text.calculate_mandelbrot_fixed_point_arithmetic:00000000 $t
C:\Users\admin\AppData\Local\Temp\cctIZYp1.s:149    .text.calculate_mandelbrot_fixed_point_arithmetic:00000000 calculate_mandelbrot_fixed_point_arithmetic
C:\Users\admin\AppData\Local\Temp\cctIZYp1.s:387    .text.calculate_mandelbrot_fixed_point_arithmetic:000000dc $d
C:\Users\admin\AppData\Local\Temp\cctIZYp1.s:396    .text.calculate_mandelbrot_double:00000000 $t
C:\Users\admin\AppData\Local\Temp\cctIZYp1.s:402    .text.calculate_mandelbrot_double:00000000 calculate_mandelbrot_double
C:\Users\admin\AppData\Local\Temp\cctIZYp1.s:702    .text.calculate_mandelbrot_double:00000164 $d
C:\Users\admin\AppData\Local\Temp\cctIZYp1.s:710    .text.Error_Handler:00000000 $t
C:\Users\admin\AppData\Local\Temp\cctIZYp1.s:716    .text.Error_Handler:00000000 Error_Handler
C:\Users\admin\AppData\Local\Temp\cctIZYp1.s:748    .text.SystemClock_Config:00000000 $t
C:\Users\admin\AppData\Local\Temp\cctIZYp1.s:754    .text.SystemClock_Config:00000000 SystemClock_Config
C:\Users\admin\AppData\Local\Temp\cctIZYp1.s:854    .text.main:00000000 $t
C:\Users\admin\AppData\Local\Temp\cctIZYp1.s:860    .text.main:00000000 main
C:\Users\admin\AppData\Local\Temp\cctIZYp1.s:1006   .text.main:000000b8 $d
C:\Users\admin\AppData\Local\Temp\cctIZYp1.s:1088   .bss.start_time:00000000 start_time
C:\Users\admin\AppData\Local\Temp\cctIZYp1.s:1025   .data.height:00000000 height
C:\Users\admin\AppData\Local\Temp\cctIZYp1.s:1032   .data.width:00000000 width
C:\Users\admin\AppData\Local\Temp\cctIZYp1.s:1067   .bss.checksum:00000000 checksum
C:\Users\admin\AppData\Local\Temp\cctIZYp1.s:1081   .bss.end_time:00000000 end_time
C:\Users\admin\AppData\Local\Temp\cctIZYp1.s:1074   .bss.execution_time:00000000 execution_time
C:\Users\admin\AppData\Local\Temp\cctIZYp1.s:1053   .bss.totalPixels:00000000 totalPixels
C:\Users\admin\AppData\Local\Temp\cctIZYp1.s:1046   .bss.executionSec:00000000 executionSec
C:\Users\admin\AppData\Local\Temp\cctIZYp1.s:1039   .bss.throughput:00000000 throughput
C:\Users\admin\AppData\Local\Temp\cctIZYp1.s:1022   .data.height:00000000 $d
C:\Users\admin\AppData\Local\Temp\cctIZYp1.s:1029   .data.width:00000000 $d
C:\Users\admin\AppData\Local\Temp\cctIZYp1.s:1036   .bss.throughput:00000000 $d
C:\Users\admin\AppData\Local\Temp\cctIZYp1.s:1043   .bss.executionSec:00000000 $d
C:\Users\admin\AppData\Local\Temp\cctIZYp1.s:1050   .bss.totalPixels:00000000 $d
C:\Users\admin\AppData\Local\Temp\cctIZYp1.s:1060   .bss.cpuCycles:00000000 cpuCycles
C:\Users\admin\AppData\Local\Temp\cctIZYp1.s:1057   .bss.cpuCycles:00000000 $d
C:\Users\admin\AppData\Local\Temp\cctIZYp1.s:1064   .bss.checksum:00000000 $d
C:\Users\admin\AppData\Local\Temp\cctIZYp1.s:1071   .bss.execution_time:00000000 $d
C:\Users\admin\AppData\Local\Temp\cctIZYp1.s:1078   .bss.end_time:00000000 $d
C:\Users\admin\AppData\Local\Temp\cctIZYp1.s:1085   .bss.start_time:00000000 $d

UNDEFINED SYMBOLS
memset
HAL_GPIO_WritePin
HAL_GPIO_Init
__aeabi_idiv
__aeabi_i2d
__aeabi_dmul
__aeabi_ddiv
__aeabi_dsub
__aeabi_d2iz
__aeabi_dadd
__aeabi_dcmplt
HAL_RCC_OscConfig
HAL_RCC_ClockConfig
__aeabi_lmul
__aeabi_ui2d
__aeabi_ul2d
HAL_Init
ARM GAS  C:\Users\admin\AppData\Local\Temp\cctIZYp1.s 			page 32


HAL_GetTick
HAL_Delay
